<?xml version="1.0" encoding="utf-8"?>
<TestRun id="4bd3623b-b595-42e0-9802-ebe2b7d0eef1" name="Tottus Electro@MIGUE-29 2026-05-23 22:15:04" runUser="MIGUE-29\Tottus Electro" xmlns="http://microsoft.com/schemas/VisualStudio/TeamTest/2010">
  <Times creation="2026-05-23T22:15:04.5548999-05:00" queuing="2026-05-23T22:15:04.5549005-05:00" start="2026-05-23T22:15:01.7672901-05:00" finish="2026-05-23T22:15:04.6734296-05:00" />
  <TestSettings name="default" id="df48e8eb-e8ae-4dfe-8eb5-b2531dc19d27">
    <Deployment runDeploymentRoot="Tottus_Electro_MIGUE-29_2026-05-23_22_15_04" />
  </TestSettings>
  <Results>
    <UnitTestResult executionId="48f4c806-25e6-4ef4-8c12-82eae1794572" testId="bb68a956-1919-491b-97ac-bdaf2ca38f44" testName="MonitoringPlatform.IntegrationTests.Controllers.CloudStatusControllerIntegrationTests.GetOverview_ShouldReturnCloudProvidersAndIncidents" computerName="MIGUE-29" duration="00:00:01.4321888" startTime="2026-05-23T22:15:04.4058535-05:00" endTime="2026-05-23T22:15:04.4058538-05:00" testType="13cdc9d9-ddb5-4fa4-a97d-d965ccfc6d4b" outcome="Passed" testListId="8c84fa94-04c1-424b-9868-57a2d4851a1d" relativeResultsDirectory="48f4c806-25e6-4ef4-8c12-82eae1794572" />
    <UnitTestResult executionId="3d68653d-d6c3-4373-9b4c-9a97c494dc05" testId="72e5f0bb-fbc3-4559-97ea-01a09bd469ed" testName="MonitoringPlatform.IntegrationTests.Controllers.MonitorsControllerIntegrationTests.Put_ShouldReturnNotFound_WhenMonitorDoesNotExist" computerName="MIGUE-29" duration="00:00:01.2783952" startTime="2026-05-23T22:15:04.2521294-05:00" endTime="2026-05-23T22:15:04.2521299-05:00" testType="13cdc9d9-ddb5-4fa4-a97d-d965ccfc6d4b" outcome="Passed" testListId="8c84fa94-04c1-424b-9868-57a2d4851a1d" relativeResultsDirectory="3d68653d-d6c3-4373-9b4c-9a97c494dc05" />
    <UnitTestResult executionId="424c5435-c9a4-4783-b977-e17210bb32f4" testId="ce1954af-e0d8-8db8-1f6a-d53d6dfd3e4a" testName="MonitoringPlatform.IntegrationTests.Controllers.MonitorsControllerIntegrationTests.Delete_ShouldRemoveMonitor_WhenItExists" computerName="MIGUE-29" duration="00:00:00.0772772" startTime="2026-05-23T22:15:04.3298240-05:00" endTime="2026-05-23T22:15:04.3298244-05:00" testType="13cdc9d9-ddb5-4fa4-a97d-d965ccfc6d4b" outcome="Passed" testListId="8c84fa94-04c1-424b-9868-57a2d4851a1d" relativeResultsDirectory="424c5435-c9a4-4783-b977-e17210bb32f4" />
    <UnitTestResult executionId="ad3b1fb2-81af-4142-80b9-7b53ec8a7656" testId="4052d989-f566-e157-39c6-534dcaeb267c" testName="MonitoringPlatform.IntegrationTests.Controllers.CloudStatusTranslationControllerIntegrationTests.TranslateIncident_ShouldCallProviderUsingValidEnToEsLangPair" computerName="MIGUE-29" duration="00:00:00.0907556" startTime="2026-05-23T22:15:04.1830852-05:00" endTime="2026-05-23T22:15:04.1830857-05:00" testType="13cdc9d9-ddb5-4fa4-a97d-d965ccfc6d4b" outcome="Passed" testListId="8c84fa94-04c1-424b-9868-57a2d4851a1d" relativeResultsDirectory="ad3b1fb2-81af-4142-80b9-7b53ec8a7656" />
    <UnitTestResult executionId="cd68a7b0-a627-4c72-bec8-4a00dc78f71b" testId="3d6c6e66-ae8d-513f-bcbd-cd2aac5e57f3" testName="MonitoringPlatform.IntegrationTests.Controllers.CloudStatusTranslationControllerIntegrationTests.TranslateIncident_ShouldReturnFriendlyError_WhenProviderFails" computerName="MIGUE-29" duration="00:00:01.1112255" startTime="2026-05-23T22:15:04.0914338-05:00" endTime="2026-05-23T22:15:04.0914584-05:00" testType="13cdc9d9-ddb5-4fa4-a97d-d965ccfc6d4b" outcome="Passed" testListId="8c84fa94-04c1-424b-9868-57a2d4851a1d" relativeResultsDirectory="cd68a7b0-a627-4c72-bec8-4a00dc78f71b" />
    <UnitTestResult executionId="e70dfa68-c489-43a6-a869-e365d622ed25" testId="18a199da-b89f-211e-ba64-1d7b0f56f6e4" testName="MonitoringPlatform.IntegrationTests.Controllers.MonitorsControllerIntegrationTests.Post_ShouldCreateMonitor_WhenRequestIsValid" computerName="MIGUE-29" duration="00:00:00.0661260" startTime="2026-05-23T22:15:04.5816654-05:00" endTime="2026-05-23T22:15:04.5816659-05:00" testType="13cdc9d9-ddb5-4fa4-a97d-d965ccfc6d4b" outcome="Passed" testListId="8c84fa94-04c1-424b-9868-57a2d4851a1d" relativeResultsDirectory="e70dfa68-c489-43a6-a869-e365d622ed25" />
    <UnitTestResult executionId="7493247f-e8a5-4713-a6f3-b6c4831c1e1a" testId="98d524d2-7538-cbba-f0ce-6a8a269a832d" testName="MonitoringPlatform.IntegrationTests.Controllers.MonitorsControllerIntegrationTests.GetAll_ShouldReturnSeededMonitors" computerName="MIGUE-29" duration="00:00:00.0812351" startTime="2026-05-23T22:15:04.4111366-05:00" endTime="2026-05-23T22:15:04.4111371-05:00" testType="13cdc9d9-ddb5-4fa4-a97d-d965ccfc6d4b" outcome="Passed" testListId="8c84fa94-04c1-424b-9868-57a2d4851a1d" relativeResultsDirectory="7493247f-e8a5-4713-a6f3-b6c4831c1e1a" />
    <UnitTestResult executionId="b441e9da-ee93-4715-b84a-e318bdf16a94" testId="affed5af-2997-d648-ec41-d24daf3b7e7c" testName="MonitoringPlatform.IntegrationTests.Controllers.MonitorsControllerIntegrationTests.Put_ShouldUpdateExistingMonitor_WhenRequestIsValid" computerName="MIGUE-29" duration="00:00:00.0471669" startTime="2026-05-23T22:15:04.4586467-05:00" endTime="2026-05-23T22:15:04.4586472-05:00" testType="13cdc9d9-ddb5-4fa4-a97d-d965ccfc6d4b" outcome="Passed" testListId="8c84fa94-04c1-424b-9868-57a2d4851a1d" relativeResultsDirectory="b441e9da-ee93-4715-b84a-e318bdf16a94" />
    <UnitTestResult executionId="ab43ed98-3e4c-4fbc-89f2-bb56d37a638d" testId="d6c81b66-156f-b787-d65f-0062a3ba3b9a" testName="MonitoringPlatform.IntegrationTests.Controllers.MonitorsControllerIntegrationTests.Post_ShouldReturnBadRequestProblemDetails_WhenUrlIsInvalid" computerName="MIGUE-29" duration="00:00:00.0563199" startTime="2026-05-23T22:15:04.5153328-05:00" endTime="2026-05-23T22:15:04.5153333-05:00" testType="13cdc9d9-ddb5-4fa4-a97d-d965ccfc6d4b" outcome="Passed" testListId="8c84fa94-04c1-424b-9868-57a2d4851a1d" relativeResultsDirectory="ab43ed98-3e4c-4fbc-89f2-bb56d37a638d" />
    <UnitTestResult executionId="b3374457-453f-4f2f-9b6a-3a41be0ed292" testId="000aa853-5bb1-3313-92eb-f47ce3ab40e2" testName="MonitoringPlatform.IntegrationTests.Controllers.DashboardControllerIntegrationTests.GetMonitors_ShouldReturnCalculatedMetrics" computerName="MIGUE-29" duration="00:00:01.4172181" startTime="2026-05-23T22:15:04.3910338-05:00" endTime="2026-05-23T22:15:04.3910340-05:00" testType="13cdc9d9-ddb5-4fa4-a97d-d965ccfc6d4b" outcome="Passed" testListId="8c84fa94-04c1-424b-9868-57a2d4851a1d" relativeResultsDirectory="b3374457-453f-4f2f-9b6a-3a41be0ed292" />
  </Results>
  <TestDefinitions>
    <UnitTest name="MonitoringPlatform.IntegrationTests.Controllers.MonitorsControllerIntegrationTests.Post_ShouldCreateMonitor_WhenRequestIsValid" storage="c:\users\tottus electro\desktop\chaufita\tests\monitoringplatform.integrationtests\bin\debug\net8.0\monitoringplatform.integrationtests.dll" id="18a199da-b89f-211e-ba64-1d7b0f56f6e4">
      <Execution id="e70dfa68-c489-43a6-a869-e365d622ed25" />
      <TestMethod codeBase="C:\Users\Tottus Electro\Desktop\chaufita\tests\MonitoringPlatform.IntegrationTests\bin\Debug\net8.0\MonitoringPlatform.IntegrationTests.dll" adapterTypeName="executor://xunit/VsTestRunner2/netcoreapp" className="MonitoringPlatform.IntegrationTests.Controllers.MonitorsControllerIntegrationTests" name="Post_ShouldCreateMonitor_WhenRequestIsValid" />
    </UnitTest>
    <UnitTest name="MonitoringPlatform.IntegrationTests.Controllers.MonitorsControllerIntegrationTests.Put_ShouldUpdateExistingMonitor_WhenRequestIsValid" storage="c:\users\tottus electro\desktop\chaufita\tests\monitoringplatform.integrationtests\bin\debug\net8.0\monitoringplatform.integrationtests.dll" id="affed5af-2997-d648-ec41-d24daf3b7e7c">
      <Execution id="b441e9da-ee93-4715-b84a-e318bdf16a94" />
      <TestMethod codeBase="C:\Users\Tottus Electro\Desktop\chaufita\tests\MonitoringPlatform.IntegrationTests\bin\Debug\net8.0\MonitoringPlatform.IntegrationTests.dll" adapterTypeName="executor://xunit/VsTestRunner2/netcoreapp" className="MonitoringPlatform.IntegrationTests.Controllers.MonitorsControllerIntegrationTests" name="Put_ShouldUpdateExistingMonitor_WhenRequestIsValid" />
    </UnitTest>
    <UnitTest name="MonitoringPlatform.IntegrationTests.Controllers.DashboardControllerIntegrationTests.GetMonitors_ShouldReturnCalculatedMetrics" storage="c:\users\tottus electro\desktop\chaufita\tests\monitoringplatform.integrationtests\bin\debug\net8.0\monitoringplatform.integrationtests.dll" id="000aa853-5bb1-3313-92eb-f47ce3ab40e2">
      <Execution id="b3374457-453f-4f2f-9b6a-3a41be0ed292" />
      <TestMethod codeBase="C:\Users\Tottus Electro\Desktop\chaufita\tests\MonitoringPlatform.IntegrationTests\bin\Debug\net8.0\MonitoringPlatform.IntegrationTests.dll" adapterTypeName="executor://xunit/VsTestRunner2/netcoreapp" className="MonitoringPlatform.IntegrationTests.Controllers.DashboardControllerIntegrationTests" name="GetMonitors_ShouldReturnCalculatedMetrics" />
    </UnitTest>
    <UnitTest name="MonitoringPlatform.IntegrationTests.Controllers.MonitorsControllerIntegrationTests.Delete_ShouldRemoveMonitor_WhenItExists" storage="c:\users\tottus electro\desktop\chaufita\tests\monitoringplatform.integrationtests\bin\debug\net8.0\monitoringplatform.integrationtests.dll" id="ce1954af-e0d8-8db8-1f6a-d53d6dfd3e4a">
      <Execution id="424c5435-c9a4-4783-b977-e17210bb32f4" />
      <TestMethod codeBase="C:\Users\Tottus Electro\Desktop\chaufita\tests\MonitoringPlatform.IntegrationTests\bin\Debug\net8.0\MonitoringPlatform.IntegrationTests.dll" adapterTypeName="executor://xunit/VsTestRunner2/netcoreapp" className="MonitoringPlatform.IntegrationTests.Controllers.MonitorsControllerIntegrationTests" name="Delete_ShouldRemoveMonitor_WhenItExists" />
    </UnitTest>
    <UnitTest name="MonitoringPlatform.IntegrationTests.Controllers.MonitorsControllerIntegrationTests.Put_ShouldReturnNotFound_WhenMonitorDoesNotExist" storage="c:\users\tottus electro\desktop\chaufita\tests\monitoringplatform.integrationtests\bin\debug\net8.0\monitoringplatform.integrationtests.dll" id="72e5f0bb-fbc3-4559-97ea-01a09bd469ed">
      <Execution id="3d68653d-d6c3-4373-9b4c-9a97c494dc05" />
      <TestMethod codeBase="C:\Users\Tottus Electro\Desktop\chaufita\tests\MonitoringPlatform.IntegrationTests\bin\Debug\net8.0\MonitoringPlatform.IntegrationTests.dll" adapterTypeName="executor://xunit/VsTestRunner2/netcoreapp" className="MonitoringPlatform.IntegrationTests.Controllers.MonitorsControllerIntegrationTests" name="Put_ShouldReturnNotFound_WhenMonitorDoesNotExist" />
    </UnitTest>
    <UnitTest name="MonitoringPlatform.IntegrationTests.Controllers.CloudStatusControllerIntegrationTests.GetOverview_ShouldReturnCloudProvidersAndIncidents" storage="c:\users\tottus electro\desktop\chaufita\tests\monitoringplatform.integrationtests\bin\debug\net8.0\monitoringplatform.integrationtests.dll" id="bb68a956-1919-491b-97ac-bdaf2ca38f44">
      <Execution id="48f4c806-25e6-4ef4-8c12-82eae1794572" />
      <TestMethod codeBase="C:\Users\Tottus Electro\Desktop\chaufita\tests\MonitoringPlatform.IntegrationTests\bin\Debug\net8.0\MonitoringPlatform.IntegrationTests.dll" adapterTypeName="executor://xunit/VsTestRunner2/netcoreapp" className="MonitoringPlatform.IntegrationTests.Controllers.CloudStatusControllerIntegrationTests" name="GetOverview_ShouldReturnCloudProvidersAndIncidents" />
    </UnitTest>
    <UnitTest name="MonitoringPlatform.IntegrationTests.Controllers.MonitorsControllerIntegrationTests.GetAll_ShouldReturnSeededMonitors" storage="c:\users\tottus electro\desktop\chaufita\tests\monitoringplatform.integrationtests\bin\debug\net8.0\monitoringplatform.integrationtests.dll" id="98d524d2-7538-cbba-f0ce-6a8a269a832d">
      <Execution id="7493247f-e8a5-4713-a6f3-b6c4831c1e1a" />
      <TestMethod codeBase="C:\Users\Tottus Electro\Desktop\chaufita\tests\MonitoringPlatform.IntegrationTests\bin\Debug\net8.0\MonitoringPlatform.IntegrationTests.dll" adapterTypeName="executor://xunit/VsTestRunner2/netcoreapp" className="MonitoringPlatform.IntegrationTests.Controllers.MonitorsControllerIntegrationTests" name="GetAll_ShouldReturnSeededMonitors" />
    </UnitTest>
    <UnitTest name="MonitoringPlatform.IntegrationTests.Controllers.CloudStatusTranslationControllerIntegrationTests.TranslateIncident_ShouldReturnFriendlyError_WhenProviderFails" storage="c:\users\tottus electro\desktop\chaufita\tests\monitoringplatform.integrationtests\bin\debug\net8.0\monitoringplatform.integrationtests.dll" id="3d6c6e66-ae8d-513f-bcbd-cd2aac5e57f3">
      <Execution id="cd68a7b0-a627-4c72-bec8-4a00dc78f71b" />
      <TestMethod codeBase="C:\Users\Tottus Electro\Desktop\chaufita\tests\MonitoringPlatform.IntegrationTests\bin\Debug\net8.0\MonitoringPlatform.IntegrationTests.dll" adapterTypeName="executor://xunit/VsTestRunner2/netcoreapp" className="MonitoringPlatform.IntegrationTests.Controllers.CloudStatusTranslationControllerIntegrationTests" name="TranslateIncident_ShouldReturnFriendlyError_WhenProviderFails" />
    </UnitTest>
    <UnitTest name="MonitoringPlatform.IntegrationTests.Controllers.CloudStatusTranslationControllerIntegrationTests.TranslateIncident_ShouldCallProviderUsingValidEnToEsLangPair" storage="c:\users\tottus electro\desktop\chaufita\tests\monitoringplatform.integrationtests\bin\debug\net8.0\monitoringplatform.integrationtests.dll" id="4052d989-f566-e157-39c6-534dcaeb267c">
      <Execution id="ad3b1fb2-81af-4142-80b9-7b53ec8a7656" />
      <TestMethod codeBase="C:\Users\Tottus Electro\Desktop\chaufita\tests\MonitoringPlatform.IntegrationTests\bin\Debug\net8.0\MonitoringPlatform.IntegrationTests.dll" adapterTypeName="executor://xunit/VsTestRunner2/netcoreapp" className="MonitoringPlatform.IntegrationTests.Controllers.CloudStatusTranslationControllerIntegrationTests" name="TranslateIncident_ShouldCallProviderUsingValidEnToEsLangPair" />
    </UnitTest>
    <UnitTest name="MonitoringPlatform.IntegrationTests.Controllers.MonitorsControllerIntegrationTests.Post_ShouldReturnBadRequestProblemDetails_WhenUrlIsInvalid" storage="c:\users\tottus electro\desktop\chaufita\tests\monitoringplatform.integrationtests\bin\debug\net8.0\monitoringplatform.integrationtests.dll" id="d6c81b66-156f-b787-d65f-0062a3ba3b9a">
      <Execution id="ab43ed98-3e4c-4fbc-89f2-bb56d37a638d" />
      <TestMethod codeBase="C:\Users\Tottus Electro\Desktop\chaufita\tests\MonitoringPlatform.IntegrationTests\bin\Debug\net8.0\MonitoringPlatform.IntegrationTests.dll" adapterTypeName="executor://xunit/VsTestRunner2/netcoreapp" className="MonitoringPlatform.IntegrationTests.Controllers.MonitorsControllerIntegrationTests" name="Post_ShouldReturnBadRequestProblemDetails_WhenUrlIsInvalid" />
    </UnitTest>
  </TestDefinitions>
  <TestEntries>
    <TestEntry testId="bb68a956-1919-491b-97ac-bdaf2ca38f44" executionId="48f4c806-25e6-4ef4-8c12-82eae1794572" testListId="8c84fa94-04c1-424b-9868-57a2d4851a1d" />
    <TestEntry testId="72e5f0bb-fbc3-4559-97ea-01a09bd469ed" executionId="3d68653d-d6c3-4373-9b4c-9a97c494dc05" testListId="8c84fa94-04c1-424b-9868-57a2d4851a1d" />
    <TestEntry testId="ce1954af-e0d8-8db8-1f6a-d53d6dfd3e4a" executionId="424c5435-c9a4-4783-b977-e17210bb32f4" testListId="8c84fa94-04c1-424b-9868-57a2d4851a1d" />
    <TestEntry testId="4052d989-f566-e157-39c6-534dcaeb267c" executionId="ad3b1fb2-81af-4142-80b9-7b53ec8a7656" testListId="8c84fa94-04c1-424b-9868-57a2d4851a1d" />
    <TestEntry testId="3d6c6e66-ae8d-513f-bcbd-cd2aac5e57f3" executionId="cd68a7b0-a627-4c72-bec8-4a00dc78f71b" testListId="8c84fa94-04c1-424b-9868-57a2d4851a1d" />
    <TestEntry testId="18a199da-b89f-211e-ba64-1d7b0f56f6e4" executionId="e70dfa68-c489-43a6-a869-e365d622ed25" testListId="8c84fa94-04c1-424b-9868-57a2d4851a1d" />
    <TestEntry testId="98d524d2-7538-cbba-f0ce-6a8a269a832d" executionId="7493247f-e8a5-4713-a6f3-b6c4831c1e1a" testListId="8c84fa94-04c1-424b-9868-57a2d4851a1d" />
    <TestEntry testId="affed5af-2997-d648-ec41-d24daf3b7e7c" executionId="b441e9da-ee93-4715-b84a-e318bdf16a94" testListId="8c84fa94-04c1-424b-9868-57a2d4851a1d" />
    <TestEntry testId="d6c81b66-156f-b787-d65f-0062a3ba3b9a" executionId="ab43ed98-3e4c-4fbc-89f2-bb56d37a638d" testListId="8c84fa94-04c1-424b-9868-57a2d4851a1d" />
    <TestEntry testId="000aa853-5bb1-3313-92eb-f47ce3ab40e2" executionId="b3374457-453f-4f2f-9b6a-3a41be0ed292" testListId="8c84fa94-04c1-424b-9868-57a2d4851a1d" />
  </TestEntries>
  <TestLists>
    <TestList name="Resultados sin formato de lista" id="8c84fa94-04c1-424b-9868-57a2d4851a1d" />
    <TestList name="Todos los resultados cargados" id="19431567-8539-422a-85d7-44ee4e166bda" />
  </TestLists>
  <ResultSummary outcome="Completed">
    <Counters total="10" executed="10" passed="10" failed="0" error="0" timeout="0" aborted="0" inconclusive="0" passedButRunAborted="0" notRunnable="0" notExecuted="0" disconnected="0" warning="0" completed="0" inProgress="0" pending="0" />
    <Output>
      <StdOut>[xUnit.net 00:00:00.00] xUnit.net VSTest Adapter v2.4.5+1caef2f33e (64-bit .NET 8.0.26)&#xD;
[xUnit.net 00:00:00.70]   Discovering: MonitoringPlatform.IntegrationTests&#xD;
[xUnit.net 00:00:00.73]   Discovered:  MonitoringPlatform.IntegrationTests&#xD;
[xUnit.net 00:00:00.73]   Starting:    MonitoringPlatform.IntegrationTests&#xD;
info: Microsoft.EntityFrameworkCore.Database.Command[20101]&#xD;
      Executed DbCommand (9ms) [Parameters=[], CommandType='Text', CommandTimeout='30']&#xD;
      SELECT COUNT(*) FROM "sqlite_master" WHERE "type" = 'table' AND "rootpage" IS NOT NULL;&#xD;
info: Microsoft.EntityFrameworkCore.Database.Command[20101]&#xD;
      Executed DbCommand (9ms) [Parameters=[], CommandType='Text', CommandTimeout='30']&#xD;
      SELECT COUNT(*) FROM "sqlite_master" WHERE "type" = 'table' AND "rootpage" IS NOT NULL;&#xD;
info: Microsoft.EntityFrameworkCore.Database.Command[20101]&#xD;
      Executed DbCommand (9ms) [Parameters=[], CommandType='Text', CommandTimeout='30']&#xD;
      SELECT COUNT(*) FROM "sqlite_master" WHERE "type" = 'table' AND "rootpage" IS NOT NULL;&#xD;
info: Microsoft.EntityFrameworkCore.Database.Command[20101]&#xD;
      Executed DbCommand (9ms) [Parameters=[], CommandType='Text', CommandTimeout='30']&#xD;
      SELECT COUNT(*) FROM "sqlite_master" WHERE "type" = 'table' AND "rootpage" IS NOT NULL;&#xD;
info: Microsoft.EntityFrameworkCore.Database.Command[20101]&#xD;
      Executed DbCommand (2ms) [Parameters=[], CommandType='Text', CommandTimeout='30']&#xD;
      CREATE TABLE "CloudProviders" (&#xD;
          "Id" TEXT NOT NULL CONSTRAINT "PK_CloudProviders" PRIMARY KEY,&#xD;
          "Name" TEXT NOT NULL,&#xD;
          "Slug" TEXT NOT NULL,&#xD;
          "LogoUrl" TEXT NOT NULL,&#xD;
          "SourceType" INTEGER NOT NULL,&#xD;
          "SourceUrl" TEXT NOT NULL,&#xD;
          "StatusPageUrl" TEXT NULL,&#xD;
          "MetadataJson" TEXT NULL,&#xD;
          "IsEnabled" INTEGER NOT NULL,&#xD;
          "CreatedAt" TEXT NOT NULL,&#xD;
          "UpdatedAt" TEXT NOT NULL,&#xD;
          "LastSyncedAt" TEXT NULL,&#xD;
          "LastSyncError" TEXT NULL&#xD;
      );&#xD;
info: Microsoft.EntityFrameworkCore.Database.Command[20101]&#xD;
      Executed DbCommand (2ms) [Parameters=[], CommandType='Text', CommandTimeout='30']&#xD;
      CREATE TABLE "CloudProviders" (&#xD;
          "Id" TEXT NOT NULL CONSTRAINT "PK_CloudProviders" PRIMARY KEY,&#xD;
          "Name" TEXT NOT NULL,&#xD;
          "Slug" TEXT NOT NULL,&#xD;
          "LogoUrl" TEXT NOT NULL,&#xD;
          "SourceType" INTEGER NOT NULL,&#xD;
          "SourceUrl" TEXT NOT NULL,&#xD;
          "StatusPageUrl" TEXT NULL,&#xD;
          "MetadataJson" TEXT NULL,&#xD;
          "IsEnabled" INTEGER NOT NULL,&#xD;
          "CreatedAt" TEXT NOT NULL,&#xD;
          "UpdatedAt" TEXT NOT NULL,&#xD;
          "LastSyncedAt" TEXT NULL,&#xD;
          "LastSyncError" TEXT NULL&#xD;
      );&#xD;
info: Microsoft.EntityFrameworkCore.Database.Command[20101]&#xD;
      Executed DbCommand (2ms) [Parameters=[], CommandType='Text', CommandTimeout='30']&#xD;
      CREATE TABLE "CloudProviders" (&#xD;
          "Id" TEXT NOT NULL CONSTRAINT "PK_CloudProviders" PRIMARY KEY,&#xD;
          "Name" TEXT NOT NULL,&#xD;
          "Slug" TEXT NOT NULL,&#xD;
          "LogoUrl" TEXT NOT NULL,&#xD;
          "SourceType" INTEGER NOT NULL,&#xD;
          "SourceUrl" TEXT NOT NULL,&#xD;
          "StatusPageUrl" TEXT NULL,&#xD;
          "MetadataJson" TEXT NULL,&#xD;
          "IsEnabled" INTEGER NOT NULL,&#xD;
          "CreatedAt" TEXT NOT NULL,&#xD;
          "UpdatedAt" TEXT NOT NULL,&#xD;
          "LastSyncedAt" TEXT NULL,&#xD;
          "LastSyncError" TEXT NULL&#xD;
      );&#xD;
info: Microsoft.EntityFrameworkCore.Database.Command[20101]&#xD;
      Executed DbCommand (2ms) [Parameters=[], CommandType='Text', CommandTimeout='30']&#xD;
      CREATE TABLE "CloudProviders" (&#xD;
          "Id" TEXT NOT NULL CONSTRAINT "PK_CloudProviders" PRIMARY KEY,&#xD;
          "Name" TEXT NOT NULL,&#xD;
          "Slug" TEXT NOT NULL,&#xD;
          "LogoUrl" TEXT NOT NULL,&#xD;
          "SourceType" INTEGER NOT NULL,&#xD;
          "SourceUrl" TEXT NOT NULL,&#xD;
          "StatusPageUrl" TEXT NULL,&#xD;
          "MetadataJson" TEXT NULL,&#xD;
          "IsEnabled" INTEGER NOT NULL,&#xD;
          "CreatedAt" TEXT NOT NULL,&#xD;
          "UpdatedAt" TEXT NOT NULL,&#xD;
          "LastSyncedAt" TEXT NULL,&#xD;
          "LastSyncError" TEXT NULL&#xD;
      );&#xD;
info: Microsoft.EntityFrameworkCore.Database.Command[20101]&#xD;
      Executed DbCommand (0ms) [Parameters=[], CommandType='Text', CommandTimeout='30']&#xD;
      CREATE TABLE "Monitors" (&#xD;
          "Id" TEXT NOT NULL CONSTRAINT "PK_Monitors" PRIMARY KEY,&#xD;
          "Name" TEXT NOT NULL,&#xD;
          "Url" TEXT NOT NULL,&#xD;
          "IntervalInSeconds" INTEGER NOT NULL,&#xD;
          "Status" INTEGER NOT NULL,&#xD;
          "CreatedAt" TEXT NOT NULL,&#xD;
          "UpdatedAt" TEXT NOT NULL&#xD;
      );&#xD;
info: Microsoft.EntityFrameworkCore.Database.Command[20101]&#xD;
      Executed DbCommand (0ms) [Parameters=[], CommandType='Text', CommandTimeout='30']&#xD;
      CREATE TABLE "Monitors" (&#xD;
          "Id" TEXT NOT NULL CONSTRAINT "PK_Monitors" PRIMARY KEY,&#xD;
          "Name" TEXT NOT NULL,&#xD;
          "Url" TEXT NOT NULL,&#xD;
          "IntervalInSeconds" INTEGER NOT NULL,&#xD;
          "Status" INTEGER NOT NULL,&#xD;
          "CreatedAt" TEXT NOT NULL,&#xD;
          "UpdatedAt" TEXT NOT NULL&#xD;
      );&#xD;
info: Microsoft.EntityFrameworkCore.Database.Command[20101]&#xD;
      Executed DbCommand (0ms) [Parameters=[], CommandType='Text', CommandTimeout='30']&#xD;
      CREATE TABLE "Monitors" (&#xD;
          "Id" TEXT NOT NULL CONSTRAINT "PK_Monitors" PRIMARY KEY,&#xD;
          "Name" TEXT NOT NULL,&#xD;
          "Url" TEXT NOT NULL,&#xD;
          "IntervalInSeconds" INTEGER NOT NULL,&#xD;
          "Status" INTEGER NOT NULL,&#xD;
          "CreatedAt" TEXT NOT NULL,&#xD;
          "UpdatedAt" TEXT NOT NULL&#xD;
      );&#xD;
info: Microsoft.EntityFrameworkCore.Database.Command[20101]&#xD;
      Executed DbCommand (0ms) [Parameters=[], CommandType='Text', CommandTimeout='30']&#xD;
      CREATE TABLE "Monitors" (&#xD;
          "Id" TEXT NOT NULL CONSTRAINT "PK_Monitors" PRIMARY KEY,&#xD;
          "Name" TEXT NOT NULL,&#xD;
          "Url" TEXT NOT NULL,&#xD;
          "IntervalInSeconds" INTEGER NOT NULL,&#xD;
          "Status" INTEGER NOT NULL,&#xD;
          "CreatedAt" TEXT NOT NULL,&#xD;
          "UpdatedAt" TEXT NOT NULL&#xD;
      );&#xD;
info: Microsoft.EntityFrameworkCore.Database.Command[20101]&#xD;
      Executed DbCommand (0ms) [Parameters=[], CommandType='Text', CommandTimeout='30']&#xD;
      CREATE TABLE "CloudIncidents" (&#xD;
          "Id" TEXT NOT NULL CONSTRAINT "PK_CloudIncidents" PRIMARY KEY,&#xD;
          "CloudProviderId" TEXT NOT NULL,&#xD;
          "ExternalId" TEXT NOT NULL,&#xD;
          "Title" TEXT NOT NULL,&#xD;
          "Description" TEXT NOT NULL,&#xD;
          "Severity" INTEGER NOT NULL,&#xD;
          "Status" INTEGER NOT NULL,&#xD;
          "Region" TEXT NULL,&#xD;
          "AffectedServicesJson" TEXT NULL,&#xD;
          "Source" TEXT NOT NULL,&#xD;
          "OfficialUrl" TEXT NOT NULL,&#xD;
          "IsActive" INTEGER NOT NULL,&#xD;
          "OccurredAt" TEXT NOT NULL,&#xD;
          "LastUpdatedAt" TEXT NOT NULL,&#xD;
          "ResolvedAt" TEXT NULL,&#xD;
          "CreatedAt" TEXT NOT NULL,&#xD;
          "UpdatedAt" TEXT NOT NULL,&#xD;
          CONSTRAINT "FK_CloudIncidents_CloudProviders_CloudProviderId" FOREIGN KEY ("CloudProviderId") REFERENCES "CloudProviders" ("Id") ON DELETE CASCADE&#xD;
      );&#xD;
info: Microsoft.EntityFrameworkCore.Database.Command[20101]&#xD;
      Executed DbCommand (0ms) [Parameters=[], CommandType='Text', CommandTimeout='30']&#xD;
      CREATE TABLE "CloudIncidents" (&#xD;
          "Id" TEXT NOT NULL CONSTRAINT "PK_CloudIncidents" PRIMARY KEY,&#xD;
          "CloudProviderId" TEXT NOT NULL,&#xD;
          "ExternalId" TEXT NOT NULL,&#xD;
          "Title" TEXT NOT NULL,&#xD;
          "Description" TEXT NOT NULL,&#xD;
          "Severity" INTEGER NOT NULL,&#xD;
          "Status" INTEGER NOT NULL,&#xD;
          "Region" TEXT NULL,&#xD;
          "AffectedServicesJson" TEXT NULL,&#xD;
          "Source" TEXT NOT NULL,&#xD;
          "OfficialUrl" TEXT NOT NULL,&#xD;
          "IsActive" INTEGER NOT NULL,&#xD;
          "OccurredAt" TEXT NOT NULL,&#xD;
          "LastUpdatedAt" TEXT NOT NULL,&#xD;
          "ResolvedAt" TEXT NULL,&#xD;
          "CreatedAt" TEXT NOT NULL,&#xD;
          "UpdatedAt" TEXT NOT NULL,&#xD;
          CONSTRAINT "FK_CloudIncidents_CloudProviders_CloudProviderId" FOREIGN KEY ("CloudProviderId") REFERENCES "CloudProviders" ("Id") ON DELETE CASCADE&#xD;
      );&#xD;
info: Microsoft.EntityFrameworkCore.Database.Command[20101]&#xD;
      Executed DbCommand (0ms) [Parameters=[], CommandType='Text', CommandTimeout='30']&#xD;
      CREATE TABLE "CloudIncidents" (&#xD;
          "Id" TEXT NOT NULL CONSTRAINT "PK_CloudIncidents" PRIMARY KEY,&#xD;
          "CloudProviderId" TEXT NOT NULL,&#xD;
          "ExternalId" TEXT NOT NULL,&#xD;
          "Title" TEXT NOT NULL,&#xD;
          "Description" TEXT NOT NULL,&#xD;
          "Severity" INTEGER NOT NULL,&#xD;
          "Status" INTEGER NOT NULL,&#xD;
          "Region" TEXT NULL,&#xD;
          "AffectedServicesJson" TEXT NULL,&#xD;
          "Source" TEXT NOT NULL,&#xD;
          "OfficialUrl" TEXT NOT NULL,&#xD;
          "IsActive" INTEGER NOT NULL,&#xD;
          "OccurredAt" TEXT NOT NULL,&#xD;
          "LastUpdatedAt" TEXT NOT NULL,&#xD;
          "ResolvedAt" TEXT NULL,&#xD;
          "CreatedAt" TEXT NOT NULL,&#xD;
          "UpdatedAt" TEXT NOT NULL,&#xD;
          CONSTRAINT "FK_CloudIncidents_CloudProviders_CloudProviderId" FOREIGN KEY ("CloudProviderId") REFERENCES "CloudProviders" ("Id") ON DELETE CASCADE&#xD;
      );&#xD;
info: Microsoft.EntityFrameworkCore.Database.Command[20101]&#xD;
      Executed DbCommand (1ms) [Parameters=[], CommandType='Text', CommandTimeout='30']&#xD;
      CREATE TABLE "CloudIncidents" (&#xD;
          "Id" TEXT NOT NULL CONSTRAINT "PK_CloudIncidents" PRIMARY KEY,&#xD;
          "CloudProviderId" TEXT NOT NULL,&#xD;
          "ExternalId" TEXT NOT NULL,&#xD;
          "Title" TEXT NOT NULL,&#xD;
          "Description" TEXT NOT NULL,&#xD;
          "Severity" INTEGER NOT NULL,&#xD;
          "Status" INTEGER NOT NULL,&#xD;
          "Region" TEXT NULL,&#xD;
          "AffectedServicesJson" TEXT NULL,&#xD;
          "Source" TEXT NOT NULL,&#xD;
          "OfficialUrl" TEXT NOT NULL,&#xD;
          "IsActive" INTEGER NOT NULL,&#xD;
          "OccurredAt" TEXT NOT NULL,&#xD;
          "LastUpdatedAt" TEXT NOT NULL,&#xD;
          "ResolvedAt" TEXT NULL,&#xD;
          "CreatedAt" TEXT NOT NULL,&#xD;
          "UpdatedAt" TEXT NOT NULL,&#xD;
          CONSTRAINT "FK_CloudIncidents_CloudProviders_CloudProviderId" FOREIGN KEY ("CloudProviderId") REFERENCES "CloudProviders" ("Id") ON DELETE CASCADE&#xD;
      );&#xD;
info: Microsoft.EntityFrameworkCore.Database.Command[20101]&#xD;
      Executed DbCommand (0ms) [Parameters=[], CommandType='Text', CommandTimeout='30']&#xD;
      CREATE TABLE "MonitorLogs" (&#xD;
          "Id" TEXT NOT NULL CONSTRAINT "PK_MonitorLogs" PRIMARY KEY,&#xD;
          "MonitorId" TEXT NOT NULL,&#xD;
          "Status" INTEGER NOT NULL,&#xD;
          "StatusCode" INTEGER NULL,&#xD;
          "ResponseTimeMs" INTEGER NULL,&#xD;
          "CheckedAt" TEXT NOT NULL,&#xD;
          "ErrorMessage" TEXT NULL,&#xD;
          CONSTRAINT "FK_MonitorLogs_Monitors_MonitorId" FOREIGN KEY ("MonitorId") REFERENCES "Monitors" ("Id") ON DELETE CASCADE&#xD;
      );&#xD;
info: Microsoft.EntityFrameworkCore.Database.Command[20101]&#xD;
      Executed DbCommand (1ms) [Parameters=[], CommandType='Text', CommandTimeout='30']&#xD;
      CREATE TABLE "MonitorLogs" (&#xD;
          "Id" TEXT NOT NULL CONSTRAINT "PK_MonitorLogs" PRIMARY KEY,&#xD;
          "MonitorId" TEXT NOT NULL,&#xD;
          "Status" INTEGER NOT NULL,&#xD;
          "StatusCode" INTEGER NULL,&#xD;
          "ResponseTimeMs" INTEGER NULL,&#xD;
          "CheckedAt" TEXT NOT NULL,&#xD;
          "ErrorMessage" TEXT NULL,&#xD;
          CONSTRAINT "FK_MonitorLogs_Monitors_MonitorId" FOREIGN KEY ("MonitorId") REFERENCES "Monitors" ("Id") ON DELETE CASCADE&#xD;
      );&#xD;
info: Microsoft.EntityFrameworkCore.Database.Command[20101]&#xD;
      Executed DbCommand (0ms) [Parameters=[], CommandType='Text', CommandTimeout='30']&#xD;
      CREATE TABLE "MonitorLogs" (&#xD;
          "Id" TEXT NOT NULL CONSTRAINT "PK_MonitorLogs" PRIMARY KEY,&#xD;
          "MonitorId" TEXT NOT NULL,&#xD;
          "Status" INTEGER NOT NULL,&#xD;
          "StatusCode" INTEGER NULL,&#xD;
          "ResponseTimeMs" INTEGER NULL,&#xD;
          "CheckedAt" TEXT NOT NULL,&#xD;
          "ErrorMessage" TEXT NULL,&#xD;
          CONSTRAINT "FK_MonitorLogs_Monitors_MonitorId" FOREIGN KEY ("MonitorId") REFERENCES "Monitors" ("Id") ON DELETE CASCADE&#xD;
      );&#xD;
info: Microsoft.EntityFrameworkCore.Database.Command[20101]&#xD;
      Executed DbCommand (0ms) [Parameters=[], CommandType='Text', CommandTimeout='30']&#xD;
      CREATE TABLE "MonitorLogs" (&#xD;
          "Id" TEXT NOT NULL CONSTRAINT "PK_MonitorLogs" PRIMARY KEY,&#xD;
          "MonitorId" TEXT NOT NULL,&#xD;
          "Status" INTEGER NOT NULL,&#xD;
          "StatusCode" INTEGER NULL,&#xD;
          "ResponseTimeMs" INTEGER NULL,&#xD;
          "CheckedAt" TEXT NOT NULL,&#xD;
          "ErrorMessage" TEXT NULL,&#xD;
          CONSTRAINT "FK_MonitorLogs_Monitors_MonitorId" FOREIGN KEY ("MonitorId") REFERENCES "Monitors" ("Id") ON DELETE CASCADE&#xD;
      );&#xD;
info: Microsoft.EntityFrameworkCore.Database.Command[20101]&#xD;
      Executed DbCommand (0ms) [Parameters=[], CommandType='Text', CommandTimeout='30']&#xD;
      CREATE UNIQUE INDEX "IX_CloudIncidents_CloudProviderId_ExternalId" ON "CloudIncidents" ("CloudProviderId", "ExternalId");&#xD;
info: Microsoft.EntityFrameworkCore.Database.Command[20101]&#xD;
      Executed DbCommand (0ms) [Parameters=[], CommandType='Text', CommandTimeout='30']&#xD;
      CREATE UNIQUE INDEX "IX_CloudIncidents_CloudProviderId_ExternalId" ON "CloudIncidents" ("CloudProviderId", "ExternalId");&#xD;
info: Microsoft.EntityFrameworkCore.Database.Command[20101]&#xD;
      Executed DbCommand (0ms) [Parameters=[], CommandType='Text', CommandTimeout='30']&#xD;
      CREATE INDEX "IX_CloudIncidents_CloudProviderId_IsActive" ON "CloudIncidents" ("CloudProviderId", "IsActive");&#xD;
info: Microsoft.EntityFrameworkCore.Database.Command[20101]&#xD;
      Executed DbCommand (0ms) [Parameters=[], CommandType='Text', CommandTimeout='30']&#xD;
      CREATE UNIQUE INDEX "IX_CloudIncidents_CloudProviderId_ExternalId" ON "CloudIncidents" ("CloudProviderId", "ExternalId");&#xD;
info: Microsoft.EntityFrameworkCore.Database.Command[20101]&#xD;
      Executed DbCommand (0ms) [Parameters=[], CommandType='Text', CommandTimeout='30']&#xD;
      CREATE UNIQUE INDEX "IX_CloudIncidents_CloudProviderId_ExternalId" ON "CloudIncidents" ("CloudProviderId", "ExternalId");&#xD;
info: Microsoft.EntityFrameworkCore.Database.Command[20101]&#xD;
      Executed DbCommand (0ms) [Parameters=[], CommandType='Text', CommandTimeout='30']&#xD;
      CREATE UNIQUE INDEX "IX_CloudProviders_Slug" ON "CloudProviders" ("Slug");&#xD;
info: Microsoft.EntityFrameworkCore.Database.Command[20101]&#xD;
      Executed DbCommand (0ms) [Parameters=[], CommandType='Text', CommandTimeout='30']&#xD;
      CREATE INDEX "IX_CloudIncidents_CloudProviderId_IsActive" ON "CloudIncidents" ("CloudProviderId", "IsActive");&#xD;
info: Microsoft.EntityFrameworkCore.Database.Command[20101]&#xD;
      Executed DbCommand (0ms) [Parameters=[], CommandType='Text', CommandTimeout='30']&#xD;
      CREATE INDEX "IX_CloudIncidents_CloudProviderId_IsActive" ON "CloudIncidents" ("CloudProviderId", "IsActive");&#xD;
info: Microsoft.EntityFrameworkCore.Database.Command[20101]&#xD;
      Executed DbCommand (0ms) [Parameters=[], CommandType='Text', CommandTimeout='30']&#xD;
      CREATE UNIQUE INDEX "IX_CloudProviders_Slug" ON "CloudProviders" ("Slug");&#xD;
info: Microsoft.EntityFrameworkCore.Database.Command[20101]&#xD;
      Executed DbCommand (0ms) [Parameters=[], CommandType='Text', CommandTimeout='30']&#xD;
      CREATE UNIQUE INDEX "IX_CloudProviders_Slug" ON "CloudProviders" ("Slug");&#xD;
info: Microsoft.EntityFrameworkCore.Database.Command[20101]&#xD;
      Executed DbCommand (0ms) [Parameters=[], CommandType='Text', CommandTimeout='30']&#xD;
      CREATE INDEX "IX_MonitorLogs_MonitorId" ON "MonitorLogs" ("MonitorId");&#xD;
info: Microsoft.EntityFrameworkCore.Database.Command[20101]&#xD;
      Executed DbCommand (0ms) [Parameters=[], CommandType='Text', CommandTimeout='30']&#xD;
      CREATE INDEX "IX_CloudIncidents_CloudProviderId_IsActive" ON "CloudIncidents" ("CloudProviderId", "IsActive");&#xD;
info: Microsoft.EntityFrameworkCore.Database.Command[20101]&#xD;
      Executed DbCommand (0ms) [Parameters=[], CommandType='Text', CommandTimeout='30']&#xD;
      CREATE UNIQUE INDEX "IX_CloudProviders_Slug" ON "CloudProviders" ("Slug");&#xD;
info: Microsoft.EntityFrameworkCore.Database.Command[20101]&#xD;
      Executed DbCommand (0ms) [Parameters=[], CommandType='Text', CommandTimeout='30']&#xD;
      CREATE INDEX "IX_MonitorLogs_MonitorId" ON "MonitorLogs" ("MonitorId");&#xD;
info: Microsoft.EntityFrameworkCore.Database.Command[20101]&#xD;
      Executed DbCommand (0ms) [Parameters=[], CommandType='Text', CommandTimeout='30']&#xD;
      CREATE INDEX "IX_MonitorLogs_MonitorId" ON "MonitorLogs" ("MonitorId");&#xD;
info: Microsoft.EntityFrameworkCore.Database.Command[20101]&#xD;
      Executed DbCommand (0ms) [Parameters=[], CommandType='Text', CommandTimeout='30']&#xD;
      CREATE INDEX "IX_MonitorLogs_MonitorId" ON "MonitorLogs" ("MonitorId");&#xD;
info: System.Net.Http.HttpClient.CloudStatusHttpClient.LogicalHandler[100]&#xD;
      Start processing HTTP request GET https://api.mymemory.translated.net/get?q=Cloudflare%20dashboard%20degraded&amp;langpair=en%7Ces&#xD;
info: System.Net.Http.HttpClient.CloudStatusHttpClient.ClientHandler[100]&#xD;
      Sending HTTP request GET https://api.mymemory.translated.net/get?q=Cloudflare%20dashboard%20degraded&amp;langpair=en%7Ces&#xD;
info: System.Net.Http.HttpClient.CloudStatusHttpClient.ClientHandler[101]&#xD;
      Received HTTP response headers after 0.4392ms - 200&#xD;
info: System.Net.Http.HttpClient.CloudStatusHttpClient.LogicalHandler[101]&#xD;
      End processing HTTP request after 10.6708ms - 200&#xD;
warn: MonitoringPlatform.API.Services.CloudStatusTranslationService[0]&#xD;
      Cloud incident translation provider returned an error. HttpStatus: 200. ProviderStatus: 400. Details: 'AUTO' IS AN INVALID SOURCE LANGUAGE&#xD;
warn: MonitoringPlatform.API.Controllers.CloudStatusController[0]&#xD;
      Cloud incident translation failed for incident cloudflare-1.&#xD;
      System.InvalidOperationException: El proveedor de traducci�n no est� disponible en este momento.&#xD;
         at MonitoringPlatform.API.Services.CloudStatusTranslationService.TranslateTextAsync(String text, CancellationToken cancellationToken) in C:\Users\Tottus Electro\Desktop\chaufita\src\MonitoringPlatform.API\Services\CloudStatusTranslationService.cs:line 124&#xD;
         at MonitoringPlatform.API.Services.CloudStatusTranslationService.TranslateTextAsync(String text, CancellationToken cancellationToken) in C:\Users\Tottus Electro\Desktop\chaufita\src\MonitoringPlatform.API\Services\CloudStatusTranslationService.cs:line 141&#xD;
         at MonitoringPlatform.API.Services.CloudStatusTranslationService.TranslateIncidentAsync(CloudIncidentTranslationRequestDto request, CancellationToken cancellationToken) in C:\Users\Tottus Electro\Desktop\chaufita\src\MonitoringPlatform.API\Services\CloudStatusTranslationService.cs:line 72&#xD;
         at MonitoringPlatform.API.Controllers.CloudStatusController.TranslateIncident(CloudIncidentTranslationRequestDto request, CloudStatusTranslationService translationService, CancellationToken cancellationToken) in C:\Users\Tottus Electro\Desktop\chaufita\src\MonitoringPlatform.API\Controllers\CloudStatusController.cs:line 94&#xD;
info: Microsoft.EntityFrameworkCore.Database.Command[20101]&#xD;
      Executed DbCommand (0ms) [Parameters=[], CommandType='Text', CommandTimeout='30']&#xD;
      SELECT COUNT(*) FROM "sqlite_master" WHERE "type" = 'table' AND "rootpage" IS NOT NULL;&#xD;
info: Microsoft.EntityFrameworkCore.Database.Command[20101]&#xD;
      Executed DbCommand (0ms) [Parameters=[], CommandType='Text', CommandTimeout='30']&#xD;
      CREATE TABLE "CloudProviders" (&#xD;
          "Id" TEXT NOT NULL CONSTRAINT "PK_CloudProviders" PRIMARY KEY,&#xD;
          "Name" TEXT NOT NULL,&#xD;
          "Slug" TEXT NOT NULL,&#xD;
          "LogoUrl" TEXT NOT NULL,&#xD;
          "SourceType" INTEGER NOT NULL,&#xD;
          "SourceUrl" TEXT NOT NULL,&#xD;
          "StatusPageUrl" TEXT NULL,&#xD;
          "MetadataJson" TEXT NULL,&#xD;
          "IsEnabled" INTEGER NOT NULL,&#xD;
          "CreatedAt" TEXT NOT NULL,&#xD;
          "UpdatedAt" TEXT NOT NULL,&#xD;
          "LastSyncedAt" TEXT NULL,&#xD;
          "LastSyncError" TEXT NULL&#xD;
      );&#xD;
info: Microsoft.EntityFrameworkCore.Database.Command[20101]&#xD;
      Executed DbCommand (0ms) [Parameters=[], CommandType='Text', CommandTimeout='30']&#xD;
      CREATE TABLE "Monitors" (&#xD;
          "Id" TEXT NOT NULL CONSTRAINT "PK_Monitors" PRIMARY KEY,&#xD;
          "Name" TEXT NOT NULL,&#xD;
          "Url" TEXT NOT NULL,&#xD;
          "IntervalInSeconds" INTEGER NOT NULL,&#xD;
          "Status" INTEGER NOT NULL,&#xD;
          "CreatedAt" TEXT NOT NULL,&#xD;
          "UpdatedAt" TEXT NOT NULL&#xD;
      );&#xD;
info: Microsoft.EntityFrameworkCore.Database.Command[20101]&#xD;
      Executed DbCommand (0ms) [Parameters=[], CommandType='Text', CommandTimeout='30']&#xD;
      CREATE TABLE "CloudIncidents" (&#xD;
          "Id" TEXT NOT NULL CONSTRAINT "PK_CloudIncidents" PRIMARY KEY,&#xD;
          "CloudProviderId" TEXT NOT NULL,&#xD;
          "ExternalId" TEXT NOT NULL,&#xD;
          "Title" TEXT NOT NULL,&#xD;
          "Description" TEXT NOT NULL,&#xD;
          "Severity" INTEGER NOT NULL,&#xD;
          "Status" INTEGER NOT NULL,&#xD;
          "Region" TEXT NULL,&#xD;
          "AffectedServicesJson" TEXT NULL,&#xD;
          "Source" TEXT NOT NULL,&#xD;
          "OfficialUrl" TEXT NOT NULL,&#xD;
          "IsActive" INTEGER NOT NULL,&#xD;
          "OccurredAt" TEXT NOT NULL,&#xD;
          "LastUpdatedAt" TEXT NOT NULL,&#xD;
          "ResolvedAt" TEXT NULL,&#xD;
          "CreatedAt" TEXT NOT NULL,&#xD;
          "UpdatedAt" TEXT NOT NULL,&#xD;
          CONSTRAINT "FK_CloudIncidents_CloudProviders_CloudProviderId" FOREIGN KEY ("CloudProviderId") REFERENCES "CloudProviders" ("Id") ON DELETE CASCADE&#xD;
      );&#xD;
info: Microsoft.EntityFrameworkCore.Database.Command[20101]&#xD;
      Executed DbCommand (0ms) [Parameters=[], CommandType='Text', CommandTimeout='30']&#xD;
      CREATE TABLE "MonitorLogs" (&#xD;
          "Id" TEXT NOT NULL CONSTRAINT "PK_MonitorLogs" PRIMARY KEY,&#xD;
          "MonitorId" TEXT NOT NULL,&#xD;
          "Status" INTEGER NOT NULL,&#xD;
          "StatusCode" INTEGER NULL,&#xD;
          "ResponseTimeMs" INTEGER NULL,&#xD;
          "CheckedAt" TEXT NOT NULL,&#xD;
          "ErrorMessage" TEXT NULL,&#xD;
          CONSTRAINT "FK_MonitorLogs_Monitors_MonitorId" FOREIGN KEY ("MonitorId") REFERENCES "Monitors" ("Id") ON DELETE CASCADE&#xD;
      );&#xD;
info: Microsoft.EntityFrameworkCore.Database.Command[20101]&#xD;
      Executed DbCommand (0ms) [Parameters=[], CommandType='Text', CommandTimeout='30']&#xD;
      CREATE UNIQUE INDEX "IX_CloudIncidents_CloudProviderId_ExternalId" ON "CloudIncidents" ("CloudProviderId", "ExternalId");&#xD;
info: Microsoft.EntityFrameworkCore.Database.Command[20101]&#xD;
      Executed DbCommand (0ms) [Parameters=[], CommandType='Text', CommandTimeout='30']&#xD;
      CREATE INDEX "IX_CloudIncidents_CloudProviderId_IsActive" ON "CloudIncidents" ("CloudProviderId", "IsActive");&#xD;
info: Microsoft.EntityFrameworkCore.Database.Command[20101]&#xD;
      Executed DbCommand (0ms) [Parameters=[], CommandType='Text', CommandTimeout='30']&#xD;
      CREATE UNIQUE INDEX "IX_CloudProviders_Slug" ON "CloudProviders" ("Slug");&#xD;
info: Microsoft.EntityFrameworkCore.Database.Command[20101]&#xD;
      Executed DbCommand (0ms) [Parameters=[], CommandType='Text', CommandTimeout='30']&#xD;
      CREATE INDEX "IX_MonitorLogs_MonitorId" ON "MonitorLogs" ("MonitorId");&#xD;
info: System.Net.Http.HttpClient.CloudStatusHttpClient.LogicalHandler[100]&#xD;
      Start processing HTTP request GET https://api.mymemory.translated.net/get?q=GitHub%20degraded&amp;langpair=en%7Ces&#xD;
info: System.Net.Http.HttpClient.CloudStatusHttpClient.ClientHandler[100]&#xD;
      Sending HTTP request GET https://api.mymemory.translated.net/get?q=GitHub%20degraded&amp;langpair=en%7Ces&#xD;
info: System.Net.Http.HttpClient.CloudStatusHttpClient.ClientHandler[101]&#xD;
      Received HTTP response headers after 0.3421ms - 200&#xD;
info: System.Net.Http.HttpClient.CloudStatusHttpClient.LogicalHandler[101]&#xD;
      End processing HTTP request after 0.5145ms - 200&#xD;
info: Microsoft.EntityFrameworkCore.Database.Command[20101]&#xD;
      Executed DbCommand (5ms) [Parameters=[@p0='?' (DbType = Guid), @p1='?' (DbType = DateTime), @p2='?' (DbType = Boolean), @p3='?', @p4='?' (DbType = DateTime), @p5='?' (Size = 41), @p6='?', @p7='?' (Size = 6), @p8='?' (Size = 6), @p9='?' (DbType = Int32), @p10='?' (Size = 47), @p11='?' (Size = 25), @p12='?' (DbType = DateTime)], CommandType='Text', CommandTimeout='30']&#xD;
      INSERT INTO "CloudProviders" ("Id", "CreatedAt", "IsEnabled", "LastSyncError", "LastSyncedAt", "LogoUrl", "MetadataJson", "Name", "Slug", "SourceType", "SourceUrl", "StatusPageUrl", "UpdatedAt")&#xD;
      VALUES (@p0, @p1, @p2, @p3, @p4, @p5, @p6, @p7, @p8, @p9, @p10, @p11, @p12);&#xD;
info: Microsoft.EntityFrameworkCore.Database.Command[20101]&#xD;
      Executed DbCommand (5ms) [Parameters=[@p0='?' (DbType = Guid), @p1='?' (DbType = DateTime), @p2='?' (DbType = Int32), @p3='?' (Size = 12), @p4='?' (DbType = Int32), @p5='?' (DbType = DateTime), @p6='?' (Size = 35)], CommandType='Text', CommandTimeout='30']&#xD;
      INSERT INTO "Monitors" ("Id", "CreatedAt", "IntervalInSeconds", "Name", "Status", "UpdatedAt", "Url")&#xD;
      VALUES (@p0, @p1, @p2, @p3, @p4, @p5, @p6);&#xD;
info: Microsoft.EntityFrameworkCore.Database.Command[20101]&#xD;
      Executed DbCommand (0ms) [Parameters=[@p0='?' (DbType = Guid), @p1='?' (DbType = DateTime), @p2='?', @p3='?' (DbType = Guid), @p4='?' (DbType = Int64), @p5='?' (DbType = Int32), @p6='?' (DbType = Int32)], CommandType='Text', CommandTimeout='30']&#xD;
      INSERT INTO "MonitorLogs" ("Id", "CheckedAt", "ErrorMessage", "MonitorId", "ResponseTimeMs", "Status", "StatusCode")&#xD;
      VALUES (@p0, @p1, @p2, @p3, @p4, @p5, @p6);&#xD;
info: Microsoft.EntityFrameworkCore.Database.Command[20101]&#xD;
      Executed DbCommand (0ms) [Parameters=[@p0='?' (DbType = Guid), @p1='?' (DbType = DateTime), @p2='?' (Size = 19), @p3='?' (DbType = Guid), @p4='?' (DbType = Int64), @p5='?' (DbType = Int32), @p6='?' (DbType = Int32)], CommandType='Text', CommandTimeout='30']&#xD;
      INSERT INTO "MonitorLogs" ("Id", "CheckedAt", "ErrorMessage", "MonitorId", "ResponseTimeMs", "Status", "StatusCode")&#xD;
      VALUES (@p0, @p1, @p2, @p3, @p4, @p5, @p6);&#xD;
info: Microsoft.EntityFrameworkCore.Database.Command[20101]&#xD;
      Executed DbCommand (0ms) [Parameters=[@p0='?' (DbType = Guid), @p1='?' (Size = 16), @p2='?' (DbType = Guid), @p3='?' (DbType = DateTime), @p4='?' (Size = 21), @p5='?' (Size = 4), @p6='?' (DbType = Boolean), @p7='?' (DbType = DateTime), @p8='?' (DbType = DateTime), @p9='?' (Size = 40), @p10='?' (Size = 6), @p11='?' (DbType = DateTime), @p12='?' (DbType = Int32), @p13='?' (Size = 8), @p14='?' (DbType = Int32), @p15='?' (Size = 18), @p16='?' (DbType = DateTime)], CommandType='Text', CommandTimeout='30']&#xD;
      INSERT INTO "CloudIncidents" ("Id", "AffectedServicesJson", "CloudProviderId", "CreatedAt", "Description", "ExternalId", "IsActive", "LastUpdatedAt", "OccurredAt", "OfficialUrl", "Region", "ResolvedAt", "Severity", "Source", "Status", "Title", "UpdatedAt")&#xD;
      VALUES (@p0, @p1, @p2, @p3, @p4, @p5, @p6, @p7, @p8, @p9, @p10, @p11, @p12, @p13, @p14, @p15, @p16);&#xD;
info: Microsoft.EntityFrameworkCore.Database.Command[20101]&#xD;
      Executed DbCommand (0ms) [Parameters=[], CommandType='Text', CommandTimeout='30']&#xD;
      SELECT "m"."Id", "m"."Name", "m"."Url", CAST("m"."Status" AS INTEGER) AS "Status"&#xD;
      FROM "Monitors" AS "m"&#xD;
      ORDER BY "m"."Name"&#xD;
info: Microsoft.EntityFrameworkCore.Database.Command[20101]&#xD;
      Executed DbCommand (0ms) [Parameters=[@__get_Item_0='?' (DbType = Guid)], CommandType='Text', CommandTimeout='30']&#xD;
      SELECT "m"."Id", "m"."CreatedAt", "m"."IntervalInSeconds", "m"."Name", "m"."Status", "m"."UpdatedAt", "m"."Url"&#xD;
      FROM "Monitors" AS "m"&#xD;
      WHERE "m"."Id" = @__get_Item_0&#xD;
      LIMIT 1&#xD;
info: Microsoft.EntityFrameworkCore.Database.Command[20101]&#xD;
      Executed DbCommand (0ms) [Parameters=[], CommandType='Text', CommandTimeout='30']&#xD;
      SELECT "c"."Id", "c"."Name", "c"."Slug", "c"."LogoUrl", "c"."SourceType", "c"."StatusPageUrl", "c"."IsEnabled", "c"."LastSyncedAt", "c"."LastSyncError", (&#xD;
          SELECT COUNT(*)&#xD;
          FROM "CloudIncidents" AS "c0"&#xD;
          WHERE "c"."Id" = "c0"."CloudProviderId" AND "c0"."IsActive") AS "ActiveIncidents"&#xD;
      FROM "CloudProviders" AS "c"&#xD;
      WHERE "c"."IsEnabled"&#xD;
      ORDER BY "c"."Name"&#xD;
info: Microsoft.EntityFrameworkCore.Database.Command[20101]&#xD;
      Executed DbCommand (0ms) [Parameters=[], CommandType='Text', CommandTimeout='30']&#xD;
      SELECT COUNT(*) FROM "sqlite_master" WHERE "type" = 'table' AND "rootpage" IS NOT NULL;&#xD;
info: Microsoft.EntityFrameworkCore.Database.Command[20101]&#xD;
      Executed DbCommand (0ms) [Parameters=[], CommandType='Text', CommandTimeout='30']&#xD;
      CREATE TABLE "CloudProviders" (&#xD;
          "Id" TEXT NOT NULL CONSTRAINT "PK_CloudProviders" PRIMARY KEY,&#xD;
          "Name" TEXT NOT NULL,&#xD;
          "Slug" TEXT NOT NULL,&#xD;
          "LogoUrl" TEXT NOT NULL,&#xD;
          "SourceType" INTEGER NOT NULL,&#xD;
          "SourceUrl" TEXT NOT NULL,&#xD;
          "StatusPageUrl" TEXT NULL,&#xD;
          "MetadataJson" TEXT NULL,&#xD;
          "IsEnabled" INTEGER NOT NULL,&#xD;
          "CreatedAt" TEXT NOT NULL,&#xD;
          "UpdatedAt" TEXT NOT NULL,&#xD;
          "LastSyncedAt" TEXT NULL,&#xD;
          "LastSyncError" TEXT NULL&#xD;
      );&#xD;
info: Microsoft.EntityFrameworkCore.Database.Command[20101]&#xD;
      Executed DbCommand (0ms) [Parameters=[], CommandType='Text', CommandTimeout='30']&#xD;
      CREATE TABLE "Monitors" (&#xD;
          "Id" TEXT NOT NULL CONSTRAINT "PK_Monitors" PRIMARY KEY,&#xD;
          "Name" TEXT NOT NULL,&#xD;
          "Url" TEXT NOT NULL,&#xD;
          "IntervalInSeconds" INTEGER NOT NULL,&#xD;
          "Status" INTEGER NOT NULL,&#xD;
          "CreatedAt" TEXT NOT NULL,&#xD;
          "UpdatedAt" TEXT NOT NULL&#xD;
      );&#xD;
info: Microsoft.EntityFrameworkCore.Database.Command[20101]&#xD;
      Executed DbCommand (0ms) [Parameters=[], CommandType='Text', CommandTimeout='30']&#xD;
      CREATE TABLE "CloudIncidents" (&#xD;
          "Id" TEXT NOT NULL CONSTRAINT "PK_CloudIncidents" PRIMARY KEY,&#xD;
          "CloudProviderId" TEXT NOT NULL,&#xD;
          "ExternalId" TEXT NOT NULL,&#xD;
          "Title" TEXT NOT NULL,&#xD;
          "Description" TEXT NOT NULL,&#xD;
          "Severity" INTEGER NOT NULL,&#xD;
          "Status" INTEGER NOT NULL,&#xD;
          "Region" TEXT NULL,&#xD;
          "AffectedServicesJson" TEXT NULL,&#xD;
          "Source" TEXT NOT NULL,&#xD;
          "OfficialUrl" TEXT NOT NULL,&#xD;
          "IsActive" INTEGER NOT NULL,&#xD;
          "OccurredAt" TEXT NOT NULL,&#xD;
          "LastUpdatedAt" TEXT NOT NULL,&#xD;
          "ResolvedAt" TEXT NULL,&#xD;
          "CreatedAt" TEXT NOT NULL,&#xD;
          "UpdatedAt" TEXT NOT NULL,&#xD;
          CONSTRAINT "FK_CloudIncidents_CloudProviders_CloudProviderId" FOREIGN KEY ("CloudProviderId") REFERENCES "CloudProviders" ("Id") ON DELETE CASCADE&#xD;
      );&#xD;
info: Microsoft.EntityFrameworkCore.Database.Command[20101]&#xD;
      Executed DbCommand (0ms) [Parameters=[], CommandType='Text', CommandTimeout='30']&#xD;
      CREATE TABLE "MonitorLogs" (&#xD;
          "Id" TEXT NOT NULL CONSTRAINT "PK_MonitorLogs" PRIMARY KEY,&#xD;
          "MonitorId" TEXT NOT NULL,&#xD;
          "Status" INTEGER NOT NULL,&#xD;
          "StatusCode" INTEGER NULL,&#xD;
          "ResponseTimeMs" INTEGER NULL,&#xD;
          "CheckedAt" TEXT NOT NULL,&#xD;
          "ErrorMessage" TEXT NULL,&#xD;
          CONSTRAINT "FK_MonitorLogs_Monitors_MonitorId" FOREIGN KEY ("MonitorId") REFERENCES "Monitors" ("Id") ON DELETE CASCADE&#xD;
      );&#xD;
info: Microsoft.EntityFrameworkCore.Database.Command[20101]&#xD;
      Executed DbCommand (0ms) [Parameters=[], CommandType='Text', CommandTimeout='30']&#xD;
      CREATE UNIQUE INDEX "IX_CloudIncidents_CloudProviderId_ExternalId" ON "CloudIncidents" ("CloudProviderId", "ExternalId");&#xD;
info: Microsoft.EntityFrameworkCore.Database.Command[20101]&#xD;
      Executed DbCommand (0ms) [Parameters=[], CommandType='Text', CommandTimeout='30']&#xD;
      CREATE INDEX "IX_CloudIncidents_CloudProviderId_IsActive" ON "CloudIncidents" ("CloudProviderId", "IsActive");&#xD;
info: Microsoft.EntityFrameworkCore.Database.Command[20101]&#xD;
      Executed DbCommand (0ms) [Parameters=[], CommandType='Text', CommandTimeout='30']&#xD;
      CREATE UNIQUE INDEX "IX_CloudProviders_Slug" ON "CloudProviders" ("Slug");&#xD;
info: Microsoft.EntityFrameworkCore.Database.Command[20101]&#xD;
      Executed DbCommand (0ms) [Parameters=[], CommandType='Text', CommandTimeout='30']&#xD;
      CREATE INDEX "IX_MonitorLogs_MonitorId" ON "MonitorLogs" ("MonitorId");&#xD;
warn: Microsoft.EntityFrameworkCore.Query[10103]&#xD;
      The query uses the 'First'/'FirstOrDefault' operator without 'OrderBy' and filter operators. This may lead to unpredictable results.&#xD;
info: Microsoft.EntityFrameworkCore.Database.Command[20101]&#xD;
      Executed DbCommand (0ms) [Parameters=[@p0='?' (DbType = Guid), @p1='?' (DbType = DateTime), @p2='?' (DbType = Int32), @p3='?' (Size = 14), @p4='?' (DbType = Int32), @p5='?' (DbType = DateTime), @p6='?' (Size = 37)], CommandType='Text', CommandTimeout='30']&#xD;
      INSERT INTO "Monitors" ("Id", "CreatedAt", "IntervalInSeconds", "Name", "Status", "UpdatedAt", "Url")&#xD;
      VALUES (@p0, @p1, @p2, @p3, @p4, @p5, @p6);&#xD;
info: Microsoft.EntityFrameworkCore.Database.Command[20101]&#xD;
      Executed DbCommand (0ms) [Parameters=[@__get_Item_0='?' (DbType = Guid)], CommandType='Text', CommandTimeout='30']&#xD;
      SELECT "m"."Id", "m"."CreatedAt", "m"."IntervalInSeconds", "m"."Name", "m"."Status", "m"."UpdatedAt", "m"."Url"&#xD;
      FROM "Monitors" AS "m"&#xD;
      WHERE "m"."Id" = @__get_Item_0&#xD;
      LIMIT 1&#xD;
info: Microsoft.EntityFrameworkCore.Database.Command[20101]&#xD;
      Executed DbCommand (0ms) [Parameters=[@__providerIds_0='?' (Size = 40)], CommandType='Text', CommandTimeout='30']&#xD;
      SELECT COUNT(*) AS "ActiveIncidents", COUNT(CASE&#xD;
          WHEN "t"."Severity" = 4 THEN 1&#xD;
      END) AS "CriticalOutages", COUNT(DISTINCT ("t"."CloudProviderId")) AS "AffectedProviders", MAX("t"."LastUpdatedAt") AS "LastUpdatedAt"&#xD;
      FROM (&#xD;
          SELECT "c"."CloudProviderId", "c"."LastUpdatedAt", "c"."Severity", 1 AS "Key"&#xD;
          FROM "CloudIncidents" AS "c"&#xD;
          WHERE "c"."CloudProviderId" IN (&#xD;
              SELECT "p"."value"&#xD;
              FROM json_each(@__providerIds_0) AS "p"&#xD;
          ) AND "c"."IsActive"&#xD;
      ) AS "t"&#xD;
      GROUP BY "t"."Key"&#xD;
      LIMIT 1&#xD;
info: Microsoft.EntityFrameworkCore.Database.Command[20101]&#xD;
      Executed DbCommand (0ms) [Parameters=[@__monitorIds_0='?' (Size = 40)], CommandType='Text', CommandTimeout='30']&#xD;
      SELECT "m"."MonitorId", COUNT(*) AS "TotalChecks", COUNT(CASE&#xD;
          WHEN "m"."Status" = 2 THEN 1&#xD;
      END) AS "FailedChecks"&#xD;
      FROM "MonitorLogs" AS "m"&#xD;
      WHERE "m"."MonitorId" IN (&#xD;
          SELECT "m0"."value"&#xD;
          FROM json_each(@__monitorIds_0) AS "m0"&#xD;
      )&#xD;
      GROUP BY "m"."MonitorId"&#xD;
info: Microsoft.EntityFrameworkCore.Database.Command[20101]&#xD;
      Executed DbCommand (0ms) [Parameters=[@p0='?' (DbType = Guid)], CommandType='Text', CommandTimeout='30']&#xD;
      DELETE FROM "Monitors"&#xD;
      WHERE "Id" = @p0&#xD;
      RETURNING 1;&#xD;
info: Microsoft.EntityFrameworkCore.Database.Command[20101]&#xD;
      Executed DbCommand (0ms) [Parameters=[@__get_Item_0='?' (DbType = Guid)], CommandType='Text', CommandTimeout='30']&#xD;
      SELECT "m"."Id", "m"."CreatedAt", "m"."IntervalInSeconds", "m"."Name", "m"."Status", "m"."UpdatedAt", "m"."Url"&#xD;
      FROM "Monitors" AS "m"&#xD;
      WHERE "m"."Id" = @__get_Item_0&#xD;
      LIMIT 1&#xD;
info: Microsoft.EntityFrameworkCore.Database.Command[20101]&#xD;
      Executed DbCommand (0ms) [Parameters=[@__providerIds_0='?' (Size = 40), @__p_1='?' (DbType = Int32)], CommandType='Text', CommandTimeout='30']&#xD;
      SELECT "t"."Id", "t"."CloudProviderId", "c0"."Name" AS "ProviderName", "c0"."Slug" AS "ProviderSlug", "c0"."LogoUrl" AS "ProviderLogoUrl", "t"."Title", "t"."Description", "t"."Severity", "t"."Status", "t"."Region", "t"."AffectedServicesJson", "t"."Source", "t"."OfficialUrl", "t"."IsActive", "t"."OccurredAt", "t"."LastUpdatedAt", "t"."ResolvedAt"&#xD;
      FROM (&#xD;
          SELECT "c"."Id", "c"."AffectedServicesJson", "c"."CloudProviderId", "c"."Description", "c"."IsActive", "c"."LastUpdatedAt", "c"."OccurredAt", "c"."OfficialUrl", "c"."Region", "c"."ResolvedAt", "c"."Severity", "c"."Source", "c"."Status", "c"."Title"&#xD;
          FROM "CloudIncidents" AS "c"&#xD;
          WHERE "c"."CloudProviderId" IN (&#xD;
              SELECT "p"."value"&#xD;
              FROM json_each(@__providerIds_0) AS "p"&#xD;
          ) AND "c"."IsActive"&#xD;
          ORDER BY "c"."IsActive" DESC, "c"."LastUpdatedAt" DESC, "c"."OccurredAt" DESC&#xD;
          LIMIT @__p_1&#xD;
      ) AS "t"&#xD;
      INNER JOIN "CloudProviders" AS "c0" ON "t"."CloudProviderId" = "c0"."Id"&#xD;
      ORDER BY "t"."IsActive" DESC, "t"."LastUpdatedAt" DESC, "t"."OccurredAt" DESC&#xD;
info: Microsoft.EntityFrameworkCore.Database.Command[20101]&#xD;
      Executed DbCommand (1ms) [Parameters=[@__monitorIds_0='?' (Size = 40)], CommandType='Text', CommandTimeout='30']&#xD;
      SELECT "t0"."MonitorId", "t0"."Status", "t0"."CheckedAt", "t0"."ResponseTimeMs", "t0"."c"&#xD;
      FROM (&#xD;
          SELECT "m"."MonitorId"&#xD;
          FROM "MonitorLogs" AS "m"&#xD;
          WHERE "m"."MonitorId" IN (&#xD;
              SELECT "m0"."value"&#xD;
              FROM json_each(@__monitorIds_0) AS "m0"&#xD;
          )&#xD;
          GROUP BY "m"."MonitorId"&#xD;
      ) AS "t"&#xD;
      LEFT JOIN (&#xD;
          SELECT "t1"."MonitorId", "t1"."Status", "t1"."CheckedAt", "t1"."ResponseTimeMs", "t1"."c"&#xD;
          FROM (&#xD;
              SELECT "m1"."MonitorId", CAST("m1"."Status" AS INTEGER) AS "Status", "m1"."CheckedAt", "m1"."ResponseTimeMs", 1 AS "c", ROW_NUMBER() OVER(PARTITION BY "m1"."MonitorId" ORDER BY "m1"."CheckedAt" DESC, "m1"."Id" DESC) AS "row"&#xD;
              FROM "MonitorLogs" AS "m1"&#xD;
              WHERE "m1"."MonitorId" IN (&#xD;
                  SELECT "m2"."value"&#xD;
                  FROM json_each(@__monitorIds_0) AS "m2"&#xD;
              )&#xD;
          ) AS "t1"&#xD;
          WHERE "t1"."row" &lt;= 1&#xD;
      ) AS "t0" ON "t"."MonitorId" = "t0"."MonitorId"&#xD;
info: Microsoft.EntityFrameworkCore.Database.Command[20101]&#xD;
      Executed DbCommand (0ms) [Parameters=[], CommandType='Text', CommandTimeout='30']&#xD;
      SELECT COUNT(*) FROM "sqlite_master" WHERE "type" = 'table' AND "rootpage" IS NOT NULL;&#xD;
info: Microsoft.EntityFrameworkCore.Database.Command[20101]&#xD;
      Executed DbCommand (0ms) [Parameters=[], CommandType='Text', CommandTimeout='30']&#xD;
      CREATE TABLE "CloudProviders" (&#xD;
          "Id" TEXT NOT NULL CONSTRAINT "PK_CloudProviders" PRIMARY KEY,&#xD;
          "Name" TEXT NOT NULL,&#xD;
          "Slug" TEXT NOT NULL,&#xD;
          "LogoUrl" TEXT NOT NULL,&#xD;
          "SourceType" INTEGER NOT NULL,&#xD;
          "SourceUrl" TEXT NOT NULL,&#xD;
          "StatusPageUrl" TEXT NULL,&#xD;
          "MetadataJson" TEXT NULL,&#xD;
          "IsEnabled" INTEGER NOT NULL,&#xD;
          "CreatedAt" TEXT NOT NULL,&#xD;
          "UpdatedAt" TEXT NOT NULL,&#xD;
          "LastSyncedAt" TEXT NULL,&#xD;
          "LastSyncError" TEXT NULL&#xD;
      );&#xD;
info: Microsoft.EntityFrameworkCore.Database.Command[20101]&#xD;
      Executed DbCommand (0ms) [Parameters=[], CommandType='Text', CommandTimeout='30']&#xD;
      CREATE TABLE "Monitors" (&#xD;
          "Id" TEXT NOT NULL CONSTRAINT "PK_Monitors" PRIMARY KEY,&#xD;
          "Name" TEXT NOT NULL,&#xD;
          "Url" TEXT NOT NULL,&#xD;
          "IntervalInSeconds" INTEGER NOT NULL,&#xD;
          "Status" INTEGER NOT NULL,&#xD;
          "CreatedAt" TEXT NOT NULL,&#xD;
          "UpdatedAt" TEXT NOT NULL&#xD;
      );&#xD;
info: Microsoft.EntityFrameworkCore.Database.Command[20101]&#xD;
      Executed DbCommand (0ms) [Parameters=[], CommandType='Text', CommandTimeout='30']&#xD;
      CREATE TABLE "CloudIncidents" (&#xD;
          "Id" TEXT NOT NULL CONSTRAINT "PK_CloudIncidents" PRIMARY KEY,&#xD;
          "CloudProviderId" TEXT NOT NULL,&#xD;
          "ExternalId" TEXT NOT NULL,&#xD;
          "Title" TEXT NOT NULL,&#xD;
          "Description" TEXT NOT NULL,&#xD;
          "Severity" INTEGER NOT NULL,&#xD;
          "Status" INTEGER NOT NULL,&#xD;
          "Region" TEXT NULL,&#xD;
          "AffectedServicesJson" TEXT NULL,&#xD;
          "Source" TEXT NOT NULL,&#xD;
          "OfficialUrl" TEXT NOT NULL,&#xD;
          "IsActive" INTEGER NOT NULL,&#xD;
          "OccurredAt" TEXT NOT NULL,&#xD;
          "LastUpdatedAt" TEXT NOT NULL,&#xD;
          "ResolvedAt" TEXT NULL,&#xD;
          "CreatedAt" TEXT NOT NULL,&#xD;
          "UpdatedAt" TEXT NOT NULL,&#xD;
          CONSTRAINT "FK_CloudIncidents_CloudProviders_CloudProviderId" FOREIGN KEY ("CloudProviderId") REFERENCES "CloudProviders" ("Id") ON DELETE CASCADE&#xD;
      );&#xD;
info: Microsoft.EntityFrameworkCore.Database.Command[20101]&#xD;
      Executed DbCommand (0ms) [Parameters=[], CommandType='Text', CommandTimeout='30']&#xD;
      CREATE TABLE "MonitorLogs" (&#xD;
          "Id" TEXT NOT NULL CONSTRAINT "PK_MonitorLogs" PRIMARY KEY,&#xD;
          "MonitorId" TEXT NOT NULL,&#xD;
          "Status" INTEGER NOT NULL,&#xD;
          "StatusCode" INTEGER NULL,&#xD;
          "ResponseTimeMs" INTEGER NULL,&#xD;
          "CheckedAt" TEXT NOT NULL,&#xD;
          "ErrorMessage" TEXT NULL,&#xD;
          CONSTRAINT "FK_MonitorLogs_Monitors_MonitorId" FOREIGN KEY ("MonitorId") REFERENCES "Monitors" ("Id") ON DELETE CASCADE&#xD;
      );&#xD;
info: Microsoft.EntityFrameworkCore.Database.Command[20101]&#xD;
      Executed DbCommand (0ms) [Parameters=[], CommandType='Text', CommandTimeout='30']&#xD;
      CREATE UNIQUE INDEX "IX_CloudIncidents_CloudProviderId_ExternalId" ON "CloudIncidents" ("CloudProviderId", "ExternalId");&#xD;
info: Microsoft.EntityFrameworkCore.Database.Command[20101]&#xD;
      Executed DbCommand (0ms) [Parameters=[], CommandType='Text', CommandTimeout='30']&#xD;
      CREATE INDEX "IX_CloudIncidents_CloudProviderId_IsActive" ON "CloudIncidents" ("CloudProviderId", "IsActive");&#xD;
info: Microsoft.EntityFrameworkCore.Database.Command[20101]&#xD;
      Executed DbCommand (0ms) [Parameters=[], CommandType='Text', CommandTimeout='30']&#xD;
      CREATE UNIQUE INDEX "IX_CloudProviders_Slug" ON "CloudProviders" ("Slug");&#xD;
info: Microsoft.EntityFrameworkCore.Database.Command[20101]&#xD;
      Executed DbCommand (0ms) [Parameters=[], CommandType='Text', CommandTimeout='30']&#xD;
      CREATE INDEX "IX_MonitorLogs_MonitorId" ON "MonitorLogs" ("MonitorId");&#xD;
info: Microsoft.EntityFrameworkCore.Database.Command[20101]&#xD;
      Executed DbCommand (0ms) [Parameters=[@p0='?' (DbType = Guid), @p1='?' (DbType = DateTime), @p2='?' (DbType = Int32), @p3='?' (Size = 9), @p4='?' (DbType = Int32), @p5='?' (DbType = DateTime), @p6='?' (Size = 32)], CommandType='Text', CommandTimeout='30']&#xD;
      INSERT INTO "Monitors" ("Id", "CreatedAt", "IntervalInSeconds", "Name", "Status", "UpdatedAt", "Url")&#xD;
      VALUES (@p0, @p1, @p2, @p3, @p4, @p5, @p6);&#xD;
info: Microsoft.EntityFrameworkCore.Database.Command[20101]&#xD;
      Executed DbCommand (0ms) [Parameters=[@p0='?' (DbType = Guid), @p1='?' (DbType = DateTime), @p2='?' (DbType = Int32), @p3='?' (Size = 8), @p4='?' (DbType = Int32), @p5='?' (DbType = DateTime), @p6='?' (Size = 31)], CommandType='Text', CommandTimeout='30']&#xD;
      INSERT INTO "Monitors" ("Id", "CreatedAt", "IntervalInSeconds", "Name", "Status", "UpdatedAt", "Url")&#xD;
      VALUES (@p0, @p1, @p2, @p3, @p4, @p5, @p6);&#xD;
info: Microsoft.EntityFrameworkCore.Database.Command[20101]&#xD;
      Executed DbCommand (0ms) [Parameters=[], CommandType='Text', CommandTimeout='30']&#xD;
      SELECT "m"."Id", "m"."CreatedAt", "m"."IntervalInSeconds", "m"."Name", "m"."Status", "m"."UpdatedAt", "m"."Url"&#xD;
      FROM "Monitors" AS "m"&#xD;
info: Microsoft.EntityFrameworkCore.Database.Command[20101]&#xD;
      Executed DbCommand (0ms) [Parameters=[], CommandType='Text', CommandTimeout='30']&#xD;
      SELECT COUNT(*) FROM "sqlite_master" WHERE "type" = 'table' AND "rootpage" IS NOT NULL;&#xD;
info: Microsoft.EntityFrameworkCore.Database.Command[20101]&#xD;
      Executed DbCommand (0ms) [Parameters=[], CommandType='Text', CommandTimeout='30']&#xD;
      CREATE TABLE "CloudProviders" (&#xD;
          "Id" TEXT NOT NULL CONSTRAINT "PK_CloudProviders" PRIMARY KEY,&#xD;
          "Name" TEXT NOT NULL,&#xD;
          "Slug" TEXT NOT NULL,&#xD;
          "LogoUrl" TEXT NOT NULL,&#xD;
          "SourceType" INTEGER NOT NULL,&#xD;
          "SourceUrl" TEXT NOT NULL,&#xD;
          "StatusPageUrl" TEXT NULL,&#xD;
          "MetadataJson" TEXT NULL,&#xD;
          "IsEnabled" INTEGER NOT NULL,&#xD;
          "CreatedAt" TEXT NOT NULL,&#xD;
          "UpdatedAt" TEXT NOT NULL,&#xD;
          "LastSyncedAt" TEXT NULL,&#xD;
          "LastSyncError" TEXT NULL&#xD;
      );&#xD;
info: Microsoft.EntityFrameworkCore.Database.Command[20101]&#xD;
      Executed DbCommand (0ms) [Parameters=[], CommandType='Text', CommandTimeout='30']&#xD;
      CREATE TABLE "Monitors" (&#xD;
          "Id" TEXT NOT NULL CONSTRAINT "PK_Monitors" PRIMARY KEY,&#xD;
          "Name" TEXT NOT NULL,&#xD;
          "Url" TEXT NOT NULL,&#xD;
          "IntervalInSeconds" INTEGER NOT NULL,&#xD;
          "Status" INTEGER NOT NULL,&#xD;
          "CreatedAt" TEXT NOT NULL,&#xD;
          "UpdatedAt" TEXT NOT NULL&#xD;
      );&#xD;
info: Microsoft.EntityFrameworkCore.Database.Command[20101]&#xD;
      Executed DbCommand (0ms) [Parameters=[], CommandType='Text', CommandTimeout='30']&#xD;
      CREATE TABLE "CloudIncidents" (&#xD;
          "Id" TEXT NOT NULL CONSTRAINT "PK_CloudIncidents" PRIMARY KEY,&#xD;
          "CloudProviderId" TEXT NOT NULL,&#xD;
          "ExternalId" TEXT NOT NULL,&#xD;
          "Title" TEXT NOT NULL,&#xD;
          "Description" TEXT NOT NULL,&#xD;
          "Severity" INTEGER NOT NULL,&#xD;
          "Status" INTEGER NOT NULL,&#xD;
          "Region" TEXT NULL,&#xD;
          "AffectedServicesJson" TEXT NULL,&#xD;
          "Source" TEXT NOT NULL,&#xD;
          "OfficialUrl" TEXT NOT NULL,&#xD;
          "IsActive" INTEGER NOT NULL,&#xD;
          "OccurredAt" TEXT NOT NULL,&#xD;
          "LastUpdatedAt" TEXT NOT NULL,&#xD;
          "ResolvedAt" TEXT NULL,&#xD;
          "CreatedAt" TEXT NOT NULL,&#xD;
          "UpdatedAt" TEXT NOT NULL,&#xD;
          CONSTRAINT "FK_CloudIncidents_CloudProviders_CloudProviderId" FOREIGN KEY ("CloudProviderId") REFERENCES "CloudProviders" ("Id") ON DELETE CASCADE&#xD;
      );&#xD;
info: Microsoft.EntityFrameworkCore.Database.Command[20101]&#xD;
      Executed DbCommand (0ms) [Parameters=[], CommandType='Text', CommandTimeout='30']&#xD;
      CREATE TABLE "MonitorLogs" (&#xD;
          "Id" TEXT NOT NULL CONSTRAINT "PK_MonitorLogs" PRIMARY KEY,&#xD;
          "MonitorId" TEXT NOT NULL,&#xD;
          "Status" INTEGER NOT NULL,&#xD;
          "StatusCode" INTEGER NULL,&#xD;
          "ResponseTimeMs" INTEGER NULL,&#xD;
          "CheckedAt" TEXT NOT NULL,&#xD;
          "ErrorMessage" TEXT NULL,&#xD;
          CONSTRAINT "FK_MonitorLogs_Monitors_MonitorId" FOREIGN KEY ("MonitorId") REFERENCES "Monitors" ("Id") ON DELETE CASCADE&#xD;
      );&#xD;
info: Microsoft.EntityFrameworkCore.Database.Command[20101]&#xD;
      Executed DbCommand (0ms) [Parameters=[], CommandType='Text', CommandTimeout='30']&#xD;
      CREATE UNIQUE INDEX "IX_CloudIncidents_CloudProviderId_ExternalId" ON "CloudIncidents" ("CloudProviderId", "ExternalId");&#xD;
info: Microsoft.EntityFrameworkCore.Database.Command[20101]&#xD;
      Executed DbCommand (0ms) [Parameters=[], CommandType='Text', CommandTimeout='30']&#xD;
      CREATE INDEX "IX_CloudIncidents_CloudProviderId_IsActive" ON "CloudIncidents" ("CloudProviderId", "IsActive");&#xD;
info: Microsoft.EntityFrameworkCore.Database.Command[20101]&#xD;
      Executed DbCommand (0ms) [Parameters=[], CommandType='Text', CommandTimeout='30']&#xD;
      CREATE UNIQUE INDEX "IX_CloudProviders_Slug" ON "CloudProviders" ("Slug");&#xD;
info: Microsoft.EntityFrameworkCore.Database.Command[20101]&#xD;
      Executed DbCommand (0ms) [Parameters=[], CommandType='Text', CommandTimeout='30']&#xD;
      CREATE INDEX "IX_MonitorLogs_MonitorId" ON "MonitorLogs" ("MonitorId");&#xD;
info: Microsoft.EntityFrameworkCore.Database.Command[20101]&#xD;
      Executed DbCommand (0ms) [Parameters=[@p0='?' (DbType = Guid), @p1='?' (DbType = DateTime), @p2='?' (DbType = Int32), @p3='?' (Size = 10), @p4='?' (DbType = Int32), @p5='?' (DbType = DateTime), @p6='?' (Size = 33)], CommandType='Text', CommandTimeout='30']&#xD;
      INSERT INTO "Monitors" ("Id", "CreatedAt", "IntervalInSeconds", "Name", "Status", "UpdatedAt", "Url")&#xD;
      VALUES (@p0, @p1, @p2, @p3, @p4, @p5, @p6);&#xD;
info: Microsoft.EntityFrameworkCore.Database.Command[20101]&#xD;
      Executed DbCommand (0ms) [Parameters=[@__get_Item_0='?' (DbType = Guid)], CommandType='Text', CommandTimeout='30']&#xD;
      SELECT "m"."Id", "m"."CreatedAt", "m"."IntervalInSeconds", "m"."Name", "m"."Status", "m"."UpdatedAt", "m"."Url"&#xD;
      FROM "Monitors" AS "m"&#xD;
      WHERE "m"."Id" = @__get_Item_0&#xD;
      LIMIT 1&#xD;
info: Microsoft.EntityFrameworkCore.Database.Command[20101]&#xD;
      Executed DbCommand (0ms) [Parameters=[@p4='?' (DbType = Guid), @p0='?' (DbType = Int32), @p1='?' (Size = 13), @p2='?' (DbType = DateTime), @p3='?' (Size = 33)], CommandType='Text', CommandTimeout='30']&#xD;
      UPDATE "Monitors" SET "IntervalInSeconds" = @p0, "Name" = @p1, "UpdatedAt" = @p2, "Url" = @p3&#xD;
      WHERE "Id" = @p4&#xD;
      RETURNING 1;&#xD;
info: Microsoft.EntityFrameworkCore.Database.Command[20101]&#xD;
      Executed DbCommand (0ms) [Parameters=[@__get_Item_0='?' (DbType = Guid)], CommandType='Text', CommandTimeout='30']&#xD;
      SELECT "m"."Id", "m"."CreatedAt", "m"."IntervalInSeconds", "m"."Name", "m"."Status", "m"."UpdatedAt", "m"."Url"&#xD;
      FROM "Monitors" AS "m"&#xD;
      WHERE "m"."Id" = @__get_Item_0&#xD;
      LIMIT 1&#xD;
info: Microsoft.EntityFrameworkCore.Database.Command[20101]&#xD;
      Executed DbCommand (0ms) [Parameters=[], CommandType='Text', CommandTimeout='30']&#xD;
      SELECT COUNT(*) FROM "sqlite_master" WHERE "type" = 'table' AND "rootpage" IS NOT NULL;&#xD;
info: Microsoft.EntityFrameworkCore.Database.Command[20101]&#xD;
      Executed DbCommand (0ms) [Parameters=[], CommandType='Text', CommandTimeout='30']&#xD;
      CREATE TABLE "CloudProviders" (&#xD;
          "Id" TEXT NOT NULL CONSTRAINT "PK_CloudProviders" PRIMARY KEY,&#xD;
          "Name" TEXT NOT NULL,&#xD;
          "Slug" TEXT NOT NULL,&#xD;
          "LogoUrl" TEXT NOT NULL,&#xD;
          "SourceType" INTEGER NOT NULL,&#xD;
          "SourceUrl" TEXT NOT NULL,&#xD;
          "StatusPageUrl" TEXT NULL,&#xD;
          "MetadataJson" TEXT NULL,&#xD;
          "IsEnabled" INTEGER NOT NULL,&#xD;
          "CreatedAt" TEXT NOT NULL,&#xD;
          "UpdatedAt" TEXT NOT NULL,&#xD;
          "LastSyncedAt" TEXT NULL,&#xD;
          "LastSyncError" TEXT NULL&#xD;
      );&#xD;
info: Microsoft.EntityFrameworkCore.Database.Command[20101]&#xD;
      Executed DbCommand (0ms) [Parameters=[], CommandType='Text', CommandTimeout='30']&#xD;
      CREATE TABLE "Monitors" (&#xD;
          "Id" TEXT NOT NULL CONSTRAINT "PK_Monitors" PRIMARY KEY,&#xD;
          "Name" TEXT NOT NULL,&#xD;
          "Url" TEXT NOT NULL,&#xD;
          "IntervalInSeconds" INTEGER NOT NULL,&#xD;
          "Status" INTEGER NOT NULL,&#xD;
          "CreatedAt" TEXT NOT NULL,&#xD;
          "UpdatedAt" TEXT NOT NULL&#xD;
      );&#xD;
info: Microsoft.EntityFrameworkCore.Database.Command[20101]&#xD;
      Executed DbCommand (0ms) [Parameters=[], CommandType='Text', CommandTimeout='30']&#xD;
      CREATE TABLE "CloudIncidents" (&#xD;
          "Id" TEXT NOT NULL CONSTRAINT "PK_CloudIncidents" PRIMARY KEY,&#xD;
          "CloudProviderId" TEXT NOT NULL,&#xD;
          "ExternalId" TEXT NOT NULL,&#xD;
          "Title" TEXT NOT NULL,&#xD;
          "Description" TEXT NOT NULL,&#xD;
          "Severity" INTEGER NOT NULL,&#xD;
          "Status" INTEGER NOT NULL,&#xD;
          "Region" TEXT NULL,&#xD;
          "AffectedServicesJson" TEXT NULL,&#xD;
          "Source" TEXT NOT NULL,&#xD;
          "OfficialUrl" TEXT NOT NULL,&#xD;
          "IsActive" INTEGER NOT NULL,&#xD;
          "OccurredAt" TEXT NOT NULL,&#xD;
          "LastUpdatedAt" TEXT NOT NULL,&#xD;
          "ResolvedAt" TEXT NULL,&#xD;
          "CreatedAt" TEXT NOT NULL,&#xD;
          "UpdatedAt" TEXT NOT NULL,&#xD;
          CONSTRAINT "FK_CloudIncidents_CloudProviders_CloudProviderId" FOREIGN KEY ("CloudProviderId") REFERENCES "CloudProviders" ("Id") ON DELETE CASCADE&#xD;
      );&#xD;
info: Microsoft.EntityFrameworkCore.Database.Command[20101]&#xD;
      Executed DbCommand (0ms) [Parameters=[], CommandType='Text', CommandTimeout='30']&#xD;
      CREATE TABLE "MonitorLogs" (&#xD;
          "Id" TEXT NOT NULL CONSTRAINT "PK_MonitorLogs" PRIMARY KEY,&#xD;
          "MonitorId" TEXT NOT NULL,&#xD;
          "Status" INTEGER NOT NULL,&#xD;
          "StatusCode" INTEGER NULL,&#xD;
          "ResponseTimeMs" INTEGER NULL,&#xD;
          "CheckedAt" TEXT NOT NULL,&#xD;
          "ErrorMessage" TEXT NULL,&#xD;
          CONSTRAINT "FK_MonitorLogs_Monitors_MonitorId" FOREIGN KEY ("MonitorId") REFERENCES "Monitors" ("Id") ON DELETE CASCADE&#xD;
      );&#xD;
info: Microsoft.EntityFrameworkCore.Database.Command[20101]&#xD;
      Executed DbCommand (0ms) [Parameters=[], CommandType='Text', CommandTimeout='30']&#xD;
      CREATE UNIQUE INDEX "IX_CloudIncidents_CloudProviderId_ExternalId" ON "CloudIncidents" ("CloudProviderId", "ExternalId");&#xD;
info: Microsoft.EntityFrameworkCore.Database.Command[20101]&#xD;
      Executed DbCommand (0ms) [Parameters=[], CommandType='Text', CommandTimeout='30']&#xD;
      CREATE INDEX "IX_CloudIncidents_CloudProviderId_IsActive" ON "CloudIncidents" ("CloudProviderId", "IsActive");&#xD;
info: Microsoft.EntityFrameworkCore.Database.Command[20101]&#xD;
      Executed DbCommand (0ms) [Parameters=[], CommandType='Text', CommandTimeout='30']&#xD;
      CREATE UNIQUE INDEX "IX_CloudProviders_Slug" ON "CloudProviders" ("Slug");&#xD;
info: Microsoft.EntityFrameworkCore.Database.Command[20101]&#xD;
      Executed DbCommand (0ms) [Parameters=[], CommandType='Text', CommandTimeout='30']&#xD;
      CREATE INDEX "IX_MonitorLogs_MonitorId" ON "MonitorLogs" ("MonitorId");&#xD;
warn: MonitoringPlatform.API.Middlewares.ErrorHandlingMiddleware[0]&#xD;
      Request failed for POST /api/monitors. TraceId: 0HNLP8AJ21V74&#xD;
      System.ArgumentException: A valid URL is required&#xD;
         at MonitoringPlatform.Application.Services.MonitorService.ValidateDto(CreateMonitorDto dto) in C:\Users\Tottus Electro\Desktop\chaufita\src\MonitoringPlatform.Application\Services\MonitorService.cs:line 50&#xD;
         at MonitoringPlatform.Application.Services.MonitorService.CreateAsync(CreateMonitorDto dto) in C:\Users\Tottus Electro\Desktop\chaufita\src\MonitoringPlatform.Application\Services\MonitorService.cs:line 20&#xD;
         at MonitoringPlatform.API.Controllers.MonitorsController.Create(CreateMonitorDto dto) in C:\Users\Tottus Electro\Desktop\chaufita\src\MonitoringPlatform.API\Controllers\MonitorsController.cs:line 25&#xD;
         at Microsoft.AspNetCore.Mvc.Infrastructure.ActionMethodExecutor.TaskOfIActionResultExecutor.Execute(ActionContext actionContext, IActionResultTypeMapper mapper, ObjectMethodExecutor executor, Object controller, Object[] arguments)&#xD;
         at Microsoft.AspNetCore.Mvc.Infrastructure.ControllerActionInvoker.&lt;InvokeActionMethodAsync&gt;g__Awaited|12_0(ControllerActionInvoker invoker, ValueTask`1 actionResultValueTask)&#xD;
         at Microsoft.AspNetCore.Mvc.Infrastructure.ControllerActionInvoker.&lt;InvokeNextActionFilterAsync&gt;g__Awaited|10_0(ControllerActionInvoker invoker, Task lastTask, State next, Scope scope, Object state, Boolean isCompleted)&#xD;
         at Microsoft.AspNetCore.Mvc.Infrastructure.ControllerActionInvoker.Rethrow(ActionExecutedContextSealed context)&#xD;
         at Microsoft.AspNetCore.Mvc.Infrastructure.ControllerActionInvoker.Next(State&amp; next, Scope&amp; scope, Object&amp; state, Boolean&amp; isCompleted)&#xD;
         at Microsoft.AspNetCore.Mvc.Infrastructure.ControllerActionInvoker.InvokeInnerFilterAsync()&#xD;
      --- End of stack trace from previous location ---&#xD;
         at Microsoft.AspNetCore.Mvc.Infrastructure.ResourceInvoker.&lt;InvokeFilterPipelineAsync&gt;g__Awaited|20_0(ResourceInvoker invoker, Task lastTask, State next, Scope scope, Object state, Boolean isCompleted)&#xD;
         at Microsoft.AspNetCore.Mvc.Infrastructure.ResourceInvoker.&lt;InvokeAsync&gt;g__Awaited|17_0(ResourceInvoker invoker, Task task, IDisposable scope)&#xD;
         at Microsoft.AspNetCore.Mvc.Infrastructure.ResourceInvoker.&lt;InvokeAsync&gt;g__Awaited|17_0(ResourceInvoker invoker, Task task, IDisposable scope)&#xD;
         at Microsoft.AspNetCore.Authorization.AuthorizationMiddleware.Invoke(HttpContext context)&#xD;
         at MonitoringPlatform.API.Middlewares.ErrorHandlingMiddleware.InvokeAsync(HttpContext context) in C:\Users\Tottus Electro\Desktop\chaufita\src\MonitoringPlatform.API\Middlewares\ErrorHandlingMiddleware.cs:line 25&#xD;
info: Microsoft.EntityFrameworkCore.Database.Command[20101]&#xD;
      Executed DbCommand (0ms) [Parameters=[], CommandType='Text', CommandTimeout='30']&#xD;
      SELECT COUNT(*) FROM "sqlite_master" WHERE "type" = 'table' AND "rootpage" IS NOT NULL;&#xD;
info: Microsoft.EntityFrameworkCore.Database.Command[20101]&#xD;
      Executed DbCommand (0ms) [Parameters=[], CommandType='Text', CommandTimeout='30']&#xD;
      CREATE TABLE "CloudProviders" (&#xD;
          "Id" TEXT NOT NULL CONSTRAINT "PK_CloudProviders" PRIMARY KEY,&#xD;
          "Name" TEXT NOT NULL,&#xD;
          "Slug" TEXT NOT NULL,&#xD;
          "LogoUrl" TEXT NOT NULL,&#xD;
          "SourceType" INTEGER NOT NULL,&#xD;
          "SourceUrl" TEXT NOT NULL,&#xD;
          "StatusPageUrl" TEXT NULL,&#xD;
          "MetadataJson" TEXT NULL,&#xD;
          "IsEnabled" INTEGER NOT NULL,&#xD;
          "CreatedAt" TEXT NOT NULL,&#xD;
          "UpdatedAt" TEXT NOT NULL,&#xD;
          "LastSyncedAt" TEXT NULL,&#xD;
          "LastSyncError" TEXT NULL&#xD;
      );&#xD;
info: Microsoft.EntityFrameworkCore.Database.Command[20101]&#xD;
      Executed DbCommand (0ms) [Parameters=[], CommandType='Text', CommandTimeout='30']&#xD;
      CREATE TABLE "Monitors" (&#xD;
          "Id" TEXT NOT NULL CONSTRAINT "PK_Monitors" PRIMARY KEY,&#xD;
          "Name" TEXT NOT NULL,&#xD;
          "Url" TEXT NOT NULL,&#xD;
          "IntervalInSeconds" INTEGER NOT NULL,&#xD;
          "Status" INTEGER NOT NULL,&#xD;
          "CreatedAt" TEXT NOT NULL,&#xD;
          "UpdatedAt" TEXT NOT NULL&#xD;
      );&#xD;
info: Microsoft.EntityFrameworkCore.Database.Command[20101]&#xD;
      Executed DbCommand (0ms) [Parameters=[], CommandType='Text', CommandTimeout='30']&#xD;
      CREATE TABLE "CloudIncidents" (&#xD;
          "Id" TEXT NOT NULL CONSTRAINT "PK_CloudIncidents" PRIMARY KEY,&#xD;
          "CloudProviderId" TEXT NOT NULL,&#xD;
          "ExternalId" TEXT NOT NULL,&#xD;
          "Title" TEXT NOT NULL,&#xD;
          "Description" TEXT NOT NULL,&#xD;
          "Severity" INTEGER NOT NULL,&#xD;
          "Status" INTEGER NOT NULL,&#xD;
          "Region" TEXT NULL,&#xD;
          "AffectedServicesJson" TEXT NULL,&#xD;
          "Source" TEXT NOT NULL,&#xD;
          "OfficialUrl" TEXT NOT NULL,&#xD;
          "IsActive" INTEGER NOT NULL,&#xD;
          "OccurredAt" TEXT NOT NULL,&#xD;
          "LastUpdatedAt" TEXT NOT NULL,&#xD;
          "ResolvedAt" TEXT NULL,&#xD;
          "CreatedAt" TEXT NOT NULL,&#xD;
          "UpdatedAt" TEXT NOT NULL,&#xD;
          CONSTRAINT "FK_CloudIncidents_CloudProviders_CloudProviderId" FOREIGN KEY ("CloudProviderId") REFERENCES "CloudProviders" ("Id") ON DELETE CASCADE&#xD;
      );&#xD;
info: Microsoft.EntityFrameworkCore.Database.Command[20101]&#xD;
      Executed DbCommand (0ms) [Parameters=[], CommandType='Text', CommandTimeout='30']&#xD;
      CREATE TABLE "MonitorLogs" (&#xD;
          "Id" TEXT NOT NULL CONSTRAINT "PK_MonitorLogs" PRIMARY KEY,&#xD;
          "MonitorId" TEXT NOT NULL,&#xD;
          "Status" INTEGER NOT NULL,&#xD;
          "StatusCode" INTEGER NULL,&#xD;
          "ResponseTimeMs" INTEGER NULL,&#xD;
          "CheckedAt" TEXT NOT NULL,&#xD;
          "ErrorMessage" TEXT NULL,&#xD;
          CONSTRAINT "FK_MonitorLogs_Monitors_MonitorId" FOREIGN KEY ("MonitorId") REFERENCES "Monitors" ("Id") ON DELETE CASCADE&#xD;
      );&#xD;
info: Microsoft.EntityFrameworkCore.Database.Command[20101]&#xD;
      Executed DbCommand (0ms) [Parameters=[], CommandType='Text', CommandTimeout='30']&#xD;
      CREATE UNIQUE INDEX "IX_CloudIncidents_CloudProviderId_ExternalId" ON "CloudIncidents" ("CloudProviderId", "ExternalId");&#xD;
info: Microsoft.EntityFrameworkCore.Database.Command[20101]&#xD;
      Executed DbCommand (0ms) [Parameters=[], CommandType='Text', CommandTimeout='30']&#xD;
      CREATE INDEX "IX_CloudIncidents_CloudProviderId_IsActive" ON "CloudIncidents" ("CloudProviderId", "IsActive");&#xD;
info: Microsoft.EntityFrameworkCore.Database.Command[20101]&#xD;
      Executed DbCommand (0ms) [Parameters=[], CommandType='Text', CommandTimeout='30']&#xD;
      CREATE UNIQUE INDEX "IX_CloudProviders_Slug" ON "CloudProviders" ("Slug");&#xD;
info: Microsoft.EntityFrameworkCore.Database.Command[20101]&#xD;
      Executed DbCommand (0ms) [Parameters=[], CommandType='Text', CommandTimeout='30']&#xD;
      CREATE INDEX "IX_MonitorLogs_MonitorId" ON "MonitorLogs" ("MonitorId");&#xD;
info: Microsoft.EntityFrameworkCore.Database.Command[20101]&#xD;
      Executed DbCommand (0ms) [Parameters=[@p0='?' (DbType = Guid), @p1='?' (DbType = DateTime), @p2='?' (DbType = Int32), @p3='?' (Size = 7), @p4='?' (DbType = Int32), @p5='?' (DbType = DateTime), @p6='?' (Size = 30)], CommandType='Text', CommandTimeout='30']&#xD;
      INSERT INTO "Monitors" ("Id", "CreatedAt", "IntervalInSeconds", "Name", "Status", "UpdatedAt", "Url")&#xD;
      VALUES (@p0, @p1, @p2, @p3, @p4, @p5, @p6);&#xD;
info: Microsoft.EntityFrameworkCore.Database.Command[20101]&#xD;
      Executed DbCommand (0ms) [Parameters=[@__get_Item_0='?' (DbType = Guid)], CommandType='Text', CommandTimeout='30']&#xD;
      SELECT "m"."Id", "m"."CreatedAt", "m"."IntervalInSeconds", "m"."Name", "m"."Status", "m"."UpdatedAt", "m"."Url"&#xD;
      FROM "Monitors" AS "m"&#xD;
      WHERE "m"."Id" = @__get_Item_0&#xD;
      LIMIT 1&#xD;
[xUnit.net 00:00:02.39]   Finished:    MonitoringPlatform.IntegrationTests&#xD;
</StdOut>
    </Output>
  </ResultSummary>
</TestRun>